<?xml version="1.0" encoding="UTF-8" standalone="no"?>
<!DOCTYPE log SYSTEM "logger.dtd">
<log>
<record>
  <date>2019-03-13T11:42:57</date>
  <millis>1552448577146</millis>
  <sequence>0</sequence>
  <level>START</level>
  <class>com.kms.katalon.core.logging.XmlKeywordLogger</class>
  <method>startSuite</method>
  <thread>1</thread>
  <message>Start Test Suite : Test Suites/Perolehan/03 Inden Kerja Cara Bayaran EFT Dengan Pemfaktoran</message>
  <nestedLevel>0</nestedLevel>
  <property name="name">03 Inden Kerja Cara Bayaran EFT Dengan Pemfaktoran</property>
  <property name="description"></property>
  <property name="id">Test Suites/Perolehan/03 Inden Kerja Cara Bayaran EFT Dengan Pemfaktoran</property>
</record>
<record>
  <date>2019-03-13T11:42:57</date>
  <millis>1552448577165</millis>
  <sequence>1</sequence>
  <level>RUN_DATA</level>
  <class>com.kms.katalon.core.logging.XmlKeywordLogger</class>
  <method>logMessage</method>
  <thread>1</thread>
  <message>hostName = Consultant_MSPHitect - DESKTOP-V9TS2EM</message>
  <nestedLevel>0</nestedLevel>
  <property name="hostName">Consultant_MSPHitect - DESKTOP-V9TS2EM</property>
</record>
<record>
  <date>2019-03-13T11:42:57</date>
  <millis>1552448577166</millis>
  <sequence>2</sequence>
  <level>RUN_DATA</level>
  <class>com.kms.katalon.core.logging.XmlKeywordLogger</class>
  <method>logMessage</method>
  <thread>1</thread>
  <message>os = Windows 10 64bit</message>
  <nestedLevel>0</nestedLevel>
  <property name="os">Windows 10 64bit</property>
</record>
<record>
  <date>2019-03-13T11:42:57</date>
  <millis>1552448577166</millis>
  <sequence>3</sequence>
  <level>RUN_DATA</level>
  <class>com.kms.katalon.core.logging.XmlKeywordLogger</class>
  <method>logMessage</method>
  <thread>1</thread>
  <message>hostAddress = 192.168.172.132</message>
  <nestedLevel>0</nestedLevel>
  <property name="hostAddress">192.168.172.132</property>
</record>
<record>
  <date>2019-03-13T11:42:57</date>
  <millis>1552448577167</millis>
  <sequence>4</sequence>
  <level>RUN_DATA</level>
  <class>com.kms.katalon.core.logging.XmlKeywordLogger</class>
  <method>logMessage</method>
  <thread>1</thread>
  <message>katalonVersion = 6.0.5.4</message>
  <nestedLevel>0</nestedLevel>
  <property name="katalonVersion">6.0.5.4</property>
</record>
<record>
  <date>2019-03-13T11:42:57</date>
  <millis>1552448577406</millis>
  <sequence>5</sequence>
  <level>START</level>
  <class>com.kms.katalon.core.logging.XmlKeywordLogger</class>
  <method>startTest</method>
  <thread>1</thread>
  <message>Start Test Case : Test Cases/Perolehan/002 Rekod Baru oleh Penyedia/005 Inden Kerja - EFT</message>
  <nestedLevel>1</nestedLevel>
  <property name="name">Test Cases/Perolehan/002 Rekod Baru oleh Penyedia/005 Inden Kerja - EFT</property>
  <property name="description"></property>
  <property name="id">Test Cases/Perolehan/002 Rekod Baru oleh Penyedia/005 Inden Kerja - EFT</property>
  <property name="source">C:\\Users\\Consultant_MSPHitect\\Katalon Studio\\TrainingonKatalon\\Test Cases\\Perolehan\\002 Rekod Baru oleh Penyedia\\005 Inden Kerja - EFT.tc</property>
  <property name="isOptional">false</property>
</record>
<record>
  <date>2019-03-13T11:42:57</date>
  <millis>1552448577950</millis>
  <sequence>7</sequence>
  <level>START</level>
  <class>com.kms.katalon.core.logging.XmlKeywordLogger</class>
  <method>startKeyword</method>
  <thread>1</thread>
  <message>Start action : callTestCase(findTestCase(\&amp;quot;Perolehan/001 Left Menu Selection/Select Menu Pesanan Tempatan\&amp;quot;), [:], STOP_ON_FAILURE)</message>
  <nestedLevel>1</nestedLevel>
  <property name="startLine">16</property>
  <property name="stepIndex">1</property>
</record>
<record>
  <date>2019-03-13T11:42:58</date>
  <millis>1552448578093</millis>
  <sequence>10</sequence>
  <level>START</level>
  <class>com.kms.katalon.core.logging.XmlKeywordLogger</class>
  <method>startTest</method>
  <thread>1</thread>
  <message>Start Test Case : Test Cases/Perolehan/001 Left Menu Selection/Select Menu Pesanan Tempatan</message>
  <nestedLevel>2</nestedLevel>
  <property name="name">Test Cases/Perolehan/001 Left Menu Selection/Select Menu Pesanan Tempatan</property>
  <property name="description">Select Perolehan and then select Pesanan Tempatan</property>
  <property name="id">Test Cases/Perolehan/001 Left Menu Selection/Select Menu Pesanan Tempatan</property>
  <property name="source">C:\\Users\\Consultant_MSPHitect\\Katalon Studio\\TrainingonKatalon\\Test Cases\\Perolehan\\001 Left Menu Selection\\Select Menu Pesanan Tempatan.tc</property>
  <property name="isOptional">false</property>
</record>
<record>
  <date>2019-03-13T11:42:58</date>
  <millis>1552448578377</millis>
  <sequence>12</sequence>
  <level>START</level>
  <class>com.kms.katalon.core.logging.XmlKeywordLogger</class>
  <method>startKeyword</method>
  <thread>1</thread>
  <message>Start action : openBrowser(\&amp;quot;https://175.143.52.101:7011/1SPEKSv2/\&amp;quot;)</message>
  <nestedLevel>1</nestedLevel>
  <property name="startLine">17</property>
  <property name="stepIndex">1</property>
  <property name="description">Open browser and input homepage URL </property>
</record>
<record>
  <date>2019-03-13T11:42:58</date>
  <millis>1552448578594</millis>
  <sequence>14</sequence>
  <level>INFO</level>
  <class>com.kms.katalon.core.logging.XmlKeywordLogger</class>
  <method>logMessage</method>
  <thread>1</thread>
  <message>Starting &amp;apos;Chrome&amp;apos; driver</message>
  <nestedLevel>2</nestedLevel>
</record>
<record>
  <date>2019-03-13T11:42:58</date>
  <millis>1552448578622</millis>
  <sequence>15</sequence>
  <level>INFO</level>
  <class>com.kms.katalon.core.logging.XmlKeywordLogger</class>
  <method>logMessage</method>
  <thread>1</thread>
  <message>Action delay is set to 0 seconds</message>
  <nestedLevel>2</nestedLevel>
</record>
<record>
  <date>2019-03-13T11:43:01</date>
  <millis>1552448581463</millis>
  <sequence>17</sequence>
  <level>RUN_DATA</level>
  <class>com.kms.katalon.core.logging.XmlKeywordLogger</class>
  <method>logMessage</method>
  <thread>1</thread>
  <message>sessionId = f383fa0b4f37bba397fd7ab6f112092b</message>
  <nestedLevel>2</nestedLevel>
  <property name="sessionId">f383fa0b4f37bba397fd7ab6f112092b</property>
</record>
<record>
  <date>2019-03-13T11:43:01</date>
  <millis>1552448581542</millis>
  <sequence>18</sequence>
  <level>RUN_DATA</level>
  <class>com.kms.katalon.core.logging.XmlKeywordLogger</class>
  <method>logMessage</method>
  <thread>1</thread>
  <message>browser = Chrome 72.0.3626.121</message>
  <nestedLevel>2</nestedLevel>
  <property name="browser">Chrome 72.0.3626.121</property>
</record>
<record>
  <date>2019-03-13T11:43:01</date>
  <millis>1552448581543</millis>
  <sequence>19</sequence>
  <level>RUN_DATA</level>
  <class>com.kms.katalon.core.logging.XmlKeywordLogger</class>
  <method>logMessage</method>
  <thread>1</thread>
  <message>platform = Windows 10</message>
  <nestedLevel>2</nestedLevel>
  <property name="platform">Windows 10</property>
</record>
<record>
  <date>2019-03-13T11:43:01</date>
  <millis>1552448581546</millis>
  <sequence>20</sequence>
  <level>RUN_DATA</level>
  <class>com.kms.katalon.core.logging.XmlKeywordLogger</class>
  <method>logMessage</method>
  <thread>1</thread>
  <message>seleniumVersion = 3.7.1</message>
  <nestedLevel>2</nestedLevel>
  <property name="seleniumVersion">3.7.1</property>
</record>
<record>
  <date>2019-03-13T11:43:01</date>
  <millis>1552448581548</millis>
  <sequence>21</sequence>
  <level>RUN_DATA</level>
  <class>com.kms.katalon.core.logging.XmlKeywordLogger</class>
  <method>logMessage</method>
  <thread>1</thread>
  <message>proxyInformation = ProxyInformation{proxyOption=NO_PROXY, proxyServerType=HTTP, password=, proxyServerAddress=, proxyServerPort=0}</message>
  <nestedLevel>2</nestedLevel>
  <property name="proxyInformation">ProxyInformation{proxyOption=NO_PROXY, proxyServerType=HTTP, password=, proxyServerAddress=, proxyServerPort=0}</property>
</record>
<record>
  <date>2019-03-13T11:43:02</date>
  <millis>1552448582261</millis>
  <sequence>23</sequence>
  <level>PASSED</level>
  <class>com.kms.katalon.core.logging.XmlKeywordLogger</class>
  <method>logMessage</method>
  <thread>1</thread>
  <message>Browser is opened with url: &amp;apos;https://175.143.52.101:7011/1SPEKSv2/&amp;apos;</message>
  <nestedLevel>2</nestedLevel>
</record>
<record>
  <date>2019-03-13T11:43:02</date>
  <millis>1552448582262</millis>
  <sequence>24</sequence>
  <level>END</level>
  <class>com.kms.katalon.core.logging.XmlKeywordLogger</class>
  <method>endKeyword</method>
  <thread>1</thread>
  <message>End action : openBrowser(\&amp;quot;https://175.143.52.101:7011/1SPEKSv2/\&amp;quot;)</message>
  <nestedLevel>1</nestedLevel>
</record>
<record>
  <date>2019-03-13T11:43:02</date>
  <millis>1552448582262</millis>
  <sequence>25</sequence>
  <level>START</level>
  <class>com.kms.katalon.core.logging.XmlKeywordLogger</class>
  <method>startKeyword</method>
  <thread>1</thread>
  <message>Start action : setText(findTestObject(\&amp;quot;Login/input_NoKadPengenalan\&amp;quot;), findTestData(\&amp;quot;ispekstestdata\&amp;quot;).getValue(1, 2))</message>
  <nestedLevel>1</nestedLevel>
  <property name="startLine">21</property>
  <property name="stepIndex">2</property>
  <property name="description">Input User Name</property>
</record>
<record>
  <date>2019-03-13T11:43:02</date>
  <millis>1552448582955</millis>
  <sequence>41</sequence>
  <level>PASSED</level>
  <class>com.kms.katalon.core.logging.XmlKeywordLogger</class>
  <method>logMessage</method>
  <thread>1</thread>
  <message>Text &amp;apos;601101955194&amp;apos; is set on object &amp;apos;Object Repository/Login/input_NoKadPengenalan&amp;apos;</message>
  <nestedLevel>2</nestedLevel>
</record>
<record>
  <date>2019-03-13T11:43:02</date>
  <millis>1552448582955</millis>
  <sequence>42</sequence>
  <level>END</level>
  <class>com.kms.katalon.core.logging.XmlKeywordLogger</class>
  <method>endKeyword</method>
  <thread>1</thread>
  <message>End action : setText(findTestObject(\&amp;quot;Login/input_NoKadPengenalan\&amp;quot;), findTestData(\&amp;quot;ispekstestdata\&amp;quot;).getValue(1, 2))</message>
  <nestedLevel>1</nestedLevel>
</record>
<record>
  <date>2019-03-13T11:43:02</date>
  <millis>1552448582955</millis>
  <sequence>43</sequence>
  <level>START</level>
  <class>com.kms.katalon.core.logging.XmlKeywordLogger</class>
  <method>startKeyword</method>
  <thread>1</thread>
  <message>Start action : setEncryptedText(findTestObject(\&amp;quot;Login/input_Password\&amp;quot;), findTestData(\&amp;quot;ispekstestdata\&amp;quot;).getValue(2, 2))</message>
  <nestedLevel>1</nestedLevel>
  <property name="startLine">24</property>
  <property name="stepIndex">3</property>
  <property name="description">Input Password</property>
</record>
<record>
  <date>2019-03-13T11:43:03</date>
  <millis>1552448583109</millis>
  <sequence>56</sequence>
  <level>PASSED</level>
  <class>com.kms.katalon.core.logging.XmlKeywordLogger</class>
  <method>logMessage</method>
  <thread>1</thread>
  <message>Text ****** has been set on object &amp;apos;Object Repository/Login/input_Password&amp;apos;</message>
  <nestedLevel>2</nestedLevel>
</record>
<record>
  <date>2019-03-13T11:43:03</date>
  <millis>1552448583109</millis>
  <sequence>57</sequence>
  <level>END</level>
  <class>com.kms.katalon.core.logging.XmlKeywordLogger</class>
  <method>endKeyword</method>
  <thread>1</thread>
  <message>End action : setEncryptedText(findTestObject(\&amp;quot;Login/input_Password\&amp;quot;), findTestData(\&amp;quot;ispekstestdata\&amp;quot;).getValue(2, 2))</message>
  <nestedLevel>1</nestedLevel>
</record>
<record>
  <date>2019-03-13T11:43:03</date>
  <millis>1552448583110</millis>
  <sequence>58</sequence>
  <level>START</level>
  <class>com.kms.katalon.core.logging.XmlKeywordLogger</class>
  <method>startKeyword</method>
  <thread>1</thread>
  <message>Start action : click(findTestObject(\&amp;quot;Login/input_ButtonLogMasuk\&amp;quot;))</message>
  <nestedLevel>1</nestedLevel>
  <property name="startLine">27</property>
  <property name="stepIndex">4</property>
  <property name="description">Click on Log Masuk button</property>
</record>
<record>
  <date>2019-03-13T11:43:08</date>
  <millis>1552448588924</millis>
  <sequence>65</sequence>
  <level>PASSED</level>
  <class>com.kms.katalon.core.logging.XmlKeywordLogger</class>
  <method>logMessage</method>
  <thread>1</thread>
  <message>Object: &amp;apos;Object Repository/Login/input_ButtonLogMasuk&amp;apos; is clicked on</message>
  <nestedLevel>2</nestedLevel>
</record>
<record>
  <date>2019-03-13T11:43:08</date>
  <millis>1552448588925</millis>
  <sequence>66</sequence>
  <level>END</level>
  <class>com.kms.katalon.core.logging.XmlKeywordLogger</class>
  <method>endKeyword</method>
  <thread>1</thread>
  <message>End action : click(findTestObject(\&amp;quot;Login/input_ButtonLogMasuk\&amp;quot;))</message>
  <nestedLevel>1</nestedLevel>
</record>
<record>
  <date>2019-03-13T11:43:08</date>
  <millis>1552448588925</millis>
  <sequence>67</sequence>
  <level>START</level>
  <class>com.kms.katalon.core.logging.XmlKeywordLogger</class>
  <method>startKeyword</method>
  <thread>1</thread>
  <message>Start action : delay(3)</message>
  <nestedLevel>1</nestedLevel>
  <property name="startLine">30</property>
  <property name="stepIndex">5</property>
  <property name="description">Delay</property>
</record>
<record>
  <date>2019-03-13T11:43:11</date>
  <millis>1552448591933</millis>
  <sequence>69</sequence>
  <level>PASSED</level>
  <class>com.kms.katalon.core.logging.XmlKeywordLogger</class>
  <method>logMessage</method>
  <thread>1</thread>
  <message>Delayed 3 second(s)</message>
  <nestedLevel>2</nestedLevel>
</record>
<record>
  <date>2019-03-13T11:43:11</date>
  <millis>1552448591934</millis>
  <sequence>70</sequence>
  <level>END</level>
  <class>com.kms.katalon.core.logging.XmlKeywordLogger</class>
  <method>endKeyword</method>
  <thread>1</thread>
  <message>End action : delay(3)</message>
  <nestedLevel>1</nestedLevel>
</record>
<record>
  <date>2019-03-13T11:43:11</date>
  <millis>1552448591934</millis>
  <sequence>71</sequence>
  <level>START</level>
  <class>com.kms.katalon.core.logging.XmlKeywordLogger</class>
  <method>startKeyword</method>
  <thread>1</thread>
  <message>Start action : reusablefunctions.reusablefunctions.PerananPenyediaPTJ()</message>
  <nestedLevel>1</nestedLevel>
  <property name="startLine">33</property>
  <property name="stepIndex">6</property>
  <property name="description">Change role to Penyedia PTJ</property>
</record>
<record>
  <date>2019-03-13T11:43:14</date>
  <millis>1552448594317</millis>
  <sequence>78</sequence>
  <level>PASSED</level>
  <class>com.kms.katalon.core.logging.XmlKeywordLogger</class>
  <method>logMessage</method>
  <thread>1</thread>
  <message>Object: &amp;apos;Object Repository/Perolehan/TukarPeranan/IconTukarPeranan&amp;apos; is clicked on</message>
  <nestedLevel>2</nestedLevel>
</record>
<record>
  <date>2019-03-13T11:43:14</date>
  <millis>1552448594409</millis>
  <sequence>85</sequence>
  <level>PASSED</level>
  <class>com.kms.katalon.core.logging.XmlKeywordLogger</class>
  <method>logMessage</method>
  <thread>1</thread>
  <message>Object: &amp;apos;Object Repository/Perolehan/TukarPeranan/input_TukarPenyediaPTJ&amp;apos; is clicked on</message>
  <nestedLevel>2</nestedLevel>
</record>
<record>
  <date>2019-03-13T11:43:14</date>
  <millis>1552448594474</millis>
  <sequence>92</sequence>
  <level>PASSED</level>
  <class>com.kms.katalon.core.logging.XmlKeywordLogger</class>
  <method>logMessage</method>
  <thread>1</thread>
  <message>Object: &amp;apos;Object Repository/Perolehan/TukarPeranan/button_Ya&amp;apos; is clicked on</message>
  <nestedLevel>2</nestedLevel>
</record>
<record>
  <date>2019-03-13T11:43:34</date>
  <millis>1552448614476</millis>
  <sequence>94</sequence>
  <level>PASSED</level>
  <class>com.kms.katalon.core.logging.XmlKeywordLogger</class>
  <method>logMessage</method>
  <thread>1</thread>
  <message>Delayed 20 second(s)</message>
  <nestedLevel>2</nestedLevel>
</record>
<record>
  <date>2019-03-13T11:43:36</date>
  <millis>1552448616962</millis>
  <sequence>97</sequence>
  <level>PASSED</level>
  <class>com.kms.katalon.core.logging.XmlKeywordLogger</class>
  <method>logMessage</method>
  <thread>1</thread>
  <message>Text &amp;apos;Peranan : [Penyedia] Peringkat : [PTJ]&amp;apos; is present on page </message>
  <nestedLevel>2</nestedLevel>
</record>
<record>
  <date>2019-03-13T11:43:36</date>
  <millis>1552448616962</millis>
  <sequence>98</sequence>
  <level>PASSED</level>
  <class>com.kms.katalon.core.logging.XmlKeywordLogger</class>
  <method>logMessage</method>
  <thread>1</thread>
  <message>reusablefunctions.reusablefunctions.PerananPenyediaPTJ is PASSED</message>
  <nestedLevel>2</nestedLevel>
</record>
<record>
  <date>2019-03-13T11:43:36</date>
  <millis>1552448616963</millis>
  <sequence>99</sequence>
  <level>END</level>
  <class>com.kms.katalon.core.logging.XmlKeywordLogger</class>
  <method>endKeyword</method>
  <thread>1</thread>
  <message>End action : reusablefunctions.reusablefunctions.PerananPenyediaPTJ()</message>
  <nestedLevel>1</nestedLevel>
</record>
<record>
  <date>2019-03-13T11:43:36</date>
  <millis>1552448616963</millis>
  <sequence>100</sequence>
  <level>START</level>
  <class>com.kms.katalon.core.logging.XmlKeywordLogger</class>
  <method>startKeyword</method>
  <thread>1</thread>
  <message>Start action : click(findTestObject(\&amp;quot;Perolehan/001 Left_Menu_Selection/a_ExpandMenuonLeft\&amp;quot;))</message>
  <nestedLevel>1</nestedLevel>
  <property name="startLine">36</property>
  <property name="stepIndex">7</property>
  <property name="description">Click on Menu Sisi to display Menu selections</property>
</record>
<record>
  <date>2019-03-13T11:43:37</date>
  <millis>1552448617389</millis>
  <sequence>107</sequence>
  <level>PASSED</level>
  <class>com.kms.katalon.core.logging.XmlKeywordLogger</class>
  <method>logMessage</method>
  <thread>1</thread>
  <message>Object: &amp;apos;Object Repository/Perolehan/001 Left_Menu_Selection/a_ExpandMenuonLeft&amp;apos; is clicked on</message>
  <nestedLevel>2</nestedLevel>
</record>
<record>
  <date>2019-03-13T11:43:37</date>
  <millis>1552448617389</millis>
  <sequence>108</sequence>
  <level>END</level>
  <class>com.kms.katalon.core.logging.XmlKeywordLogger</class>
  <method>endKeyword</method>
  <thread>1</thread>
  <message>End action : click(findTestObject(\&amp;quot;Perolehan/001 Left_Menu_Selection/a_ExpandMenuonLeft\&amp;quot;))</message>
  <nestedLevel>1</nestedLevel>
</record>
<record>
  <date>2019-03-13T11:43:37</date>
  <millis>1552448617389</millis>
  <sequence>109</sequence>
  <level>START</level>
  <class>com.kms.katalon.core.logging.XmlKeywordLogger</class>
  <method>startKeyword</method>
  <thread>1</thread>
  <message>Start action : delay(3, STOP_ON_FAILURE)</message>
  <nestedLevel>1</nestedLevel>
  <property name="startLine">39</property>
  <property name="stepIndex">8</property>
  <property name="description">Delay</property>
</record>
<record>
  <date>2019-03-13T11:43:40</date>
  <millis>1552448620392</millis>
  <sequence>111</sequence>
  <level>PASSED</level>
  <class>com.kms.katalon.core.logging.XmlKeywordLogger</class>
  <method>logMessage</method>
  <thread>1</thread>
  <message>Delayed 3 second(s)</message>
  <nestedLevel>2</nestedLevel>
</record>
<record>
  <date>2019-03-13T11:43:40</date>
  <millis>1552448620394</millis>
  <sequence>112</sequence>
  <level>END</level>
  <class>com.kms.katalon.core.logging.XmlKeywordLogger</class>
  <method>endKeyword</method>
  <thread>1</thread>
  <message>End action : delay(3, STOP_ON_FAILURE)</message>
  <nestedLevel>1</nestedLevel>
</record>
<record>
  <date>2019-03-13T11:43:40</date>
  <millis>1552448620394</millis>
  <sequence>113</sequence>
  <level>START</level>
  <class>com.kms.katalon.core.logging.XmlKeywordLogger</class>
  <method>startKeyword</method>
  <thread>1</thread>
  <message>Start action : click(findTestObject(\&amp;quot;Perolehan/001 Left_Menu_Selection/div_PanelTitlePerolehan\&amp;quot;))</message>
  <nestedLevel>1</nestedLevel>
  <property name="startLine">42</property>
  <property name="stepIndex">9</property>
  <property name="description">Select Perolehan Sub-menu</property>
</record>
<record>
  <date>2019-03-13T11:43:40</date>
  <millis>1552448620471</millis>
  <sequence>120</sequence>
  <level>PASSED</level>
  <class>com.kms.katalon.core.logging.XmlKeywordLogger</class>
  <method>logMessage</method>
  <thread>1</thread>
  <message>Object: &amp;apos;Object Repository/Perolehan/001 Left_Menu_Selection/div_PanelTitlePerolehan&amp;apos; is clicked on</message>
  <nestedLevel>2</nestedLevel>
</record>
<record>
  <date>2019-03-13T11:43:40</date>
  <millis>1552448620472</millis>
  <sequence>121</sequence>
  <level>END</level>
  <class>com.kms.katalon.core.logging.XmlKeywordLogger</class>
  <method>endKeyword</method>
  <thread>1</thread>
  <message>End action : click(findTestObject(\&amp;quot;Perolehan/001 Left_Menu_Selection/div_PanelTitlePerolehan\&amp;quot;))</message>
  <nestedLevel>1</nestedLevel>
</record>
<record>
  <date>2019-03-13T11:43:40</date>
  <millis>1552448620472</millis>
  <sequence>122</sequence>
  <level>START</level>
  <class>com.kms.katalon.core.logging.XmlKeywordLogger</class>
  <method>startKeyword</method>
  <thread>1</thread>
  <message>Start action : delay(3, STOP_ON_FAILURE)</message>
  <nestedLevel>1</nestedLevel>
  <property name="startLine">45</property>
  <property name="stepIndex">10</property>
  <property name="description">Delay</property>
</record>
<record>
  <date>2019-03-13T11:43:43</date>
  <millis>1552448623474</millis>
  <sequence>124</sequence>
  <level>PASSED</level>
  <class>com.kms.katalon.core.logging.XmlKeywordLogger</class>
  <method>logMessage</method>
  <thread>1</thread>
  <message>Delayed 3 second(s)</message>
  <nestedLevel>2</nestedLevel>
</record>
<record>
  <date>2019-03-13T11:43:43</date>
  <millis>1552448623476</millis>
  <sequence>125</sequence>
  <level>END</level>
  <class>com.kms.katalon.core.logging.XmlKeywordLogger</class>
  <method>endKeyword</method>
  <thread>1</thread>
  <message>End action : delay(3, STOP_ON_FAILURE)</message>
  <nestedLevel>1</nestedLevel>
</record>
<record>
  <date>2019-03-13T11:43:43</date>
  <millis>1552448623477</millis>
  <sequence>126</sequence>
  <level>START</level>
  <class>com.kms.katalon.core.logging.XmlKeywordLogger</class>
  <method>startKeyword</method>
  <thread>1</thread>
  <message>Start action : click(findTestObject(\&amp;quot;Perolehan/001 Left_Menu_Selection/div_PesananTempatan\&amp;quot;))</message>
  <nestedLevel>1</nestedLevel>
  <property name="startLine">48</property>
  <property name="stepIndex">11</property>
  <property name="description">Click on Menu sisi</property>
</record>
<record>
  <date>2019-03-13T11:43:43</date>
  <millis>1552448623614</millis>
  <sequence>133</sequence>
  <level>PASSED</level>
  <class>com.kms.katalon.core.logging.XmlKeywordLogger</class>
  <method>logMessage</method>
  <thread>1</thread>
  <message>Object: &amp;apos;Object Repository/Perolehan/001 Left_Menu_Selection/div_PesananTempatan&amp;apos; is clicked on</message>
  <nestedLevel>2</nestedLevel>
</record>
<record>
  <date>2019-03-13T11:43:43</date>
  <millis>1552448623614</millis>
  <sequence>134</sequence>
  <level>END</level>
  <class>com.kms.katalon.core.logging.XmlKeywordLogger</class>
  <method>endKeyword</method>
  <thread>1</thread>
  <message>End action : click(findTestObject(\&amp;quot;Perolehan/001 Left_Menu_Selection/div_PesananTempatan\&amp;quot;))</message>
  <nestedLevel>1</nestedLevel>
</record>
<record>
  <date>2019-03-13T11:43:43</date>
  <millis>1552448623614</millis>
  <sequence>135</sequence>
  <level>START</level>
  <class>com.kms.katalon.core.logging.XmlKeywordLogger</class>
  <method>startKeyword</method>
  <thread>1</thread>
  <message>Start action : assert true</message>
  <nestedLevel>1</nestedLevel>
  <property name="startLine">50</property>
  <property name="stepIndex">12</property>
</record>
<record>
  <date>2019-03-13T11:43:43</date>
  <millis>1552448623616</millis>
  <sequence>136</sequence>
  <level>END</level>
  <class>com.kms.katalon.core.logging.XmlKeywordLogger</class>
  <method>endKeyword</method>
  <thread>1</thread>
  <message>End action : assert true</message>
  <nestedLevel>1</nestedLevel>
</record>
<record>
  <date>2019-03-13T11:43:43</date>
  <millis>1552448623616</millis>
  <sequence>137</sequence>
  <level>START</level>
  <class>com.kms.katalon.core.logging.XmlKeywordLogger</class>
  <method>startKeyword</method>
  <thread>1</thread>
  <message>Start action : delay(3)</message>
  <nestedLevel>1</nestedLevel>
  <property name="startLine">53</property>
  <property name="stepIndex">13</property>
  <property name="description">Pesanan Tempatan page loaded successfully</property>
</record>
<record>
  <date>2019-03-13T11:43:46</date>
  <millis>1552448626619</millis>
  <sequence>139</sequence>
  <level>PASSED</level>
  <class>com.kms.katalon.core.logging.XmlKeywordLogger</class>
  <method>logMessage</method>
  <thread>1</thread>
  <message>Delayed 3 second(s)</message>
  <nestedLevel>2</nestedLevel>
</record>
<record>
  <date>2019-03-13T11:43:46</date>
  <millis>1552448626620</millis>
  <sequence>140</sequence>
  <level>END</level>
  <class>com.kms.katalon.core.logging.XmlKeywordLogger</class>
  <method>endKeyword</method>
  <thread>1</thread>
  <message>End action : delay(3)</message>
  <nestedLevel>1</nestedLevel>
</record>
<record>
  <date>2019-03-13T11:43:46</date>
  <millis>1552448626621</millis>
  <sequence>141</sequence>
  <level>PASSED</level>
  <class>com.kms.katalon.core.logging.XmlKeywordLogger</class>
  <method>logMessage</method>
  <thread>1</thread>
  <message>Test Cases/Perolehan/001 Left Menu Selection/Select Menu Pesanan Tempatan</message>
  <nestedLevel>2</nestedLevel>
</record>
<record>
  <date>2019-03-13T11:43:46</date>
  <millis>1552448626621</millis>
  <sequence>142</sequence>
  <level>END</level>
  <class>com.kms.katalon.core.logging.XmlKeywordLogger</class>
  <method>endTest</method>
  <thread>1</thread>
  <message>End Test Case : Test Cases/Perolehan/001 Left Menu Selection/Select Menu Pesanan Tempatan</message>
  <nestedLevel>1</nestedLevel>
</record>
<record>
  <date>2019-03-13T11:43:46</date>
  <millis>1552448626624</millis>
  <sequence>143</sequence>
  <level>PASSED</level>
  <class>com.kms.katalon.core.logging.XmlKeywordLogger</class>
  <method>logMessage</method>
  <thread>1</thread>
  <message>Call Test Case &amp;apos;Test Cases/Perolehan/001 Left Menu Selection/Select Menu Pesanan Tempatan&amp;apos; successfully</message>
  <nestedLevel>1</nestedLevel>
</record>
<record>
  <date>2019-03-13T11:43:46</date>
  <millis>1552448626624</millis>
  <sequence>144</sequence>
  <level>END</level>
  <class>com.kms.katalon.core.logging.XmlKeywordLogger</class>
  <method>endKeyword</method>
  <thread>1</thread>
  <message>End action : callTestCase(findTestCase(\&amp;quot;Perolehan/001 Left Menu Selection/Select Menu Pesanan Tempatan\&amp;quot;), [:], STOP_ON_FAILURE)</message>
  <nestedLevel>1</nestedLevel>
</record>
<record>
  <date>2019-03-13T11:43:46</date>
  <millis>1552448626624</millis>
  <sequence>145</sequence>
  <level>START</level>
  <class>com.kms.katalon.core.logging.XmlKeywordLogger</class>
  <method>startKeyword</method>
  <thread>1</thread>
  <message>Start action : click(findTestObject(\&amp;quot;Perolehan/002 Penyedia_RekodBaru/005 Rekod Baru Inden Kerja/button_Rekod_Baru\&amp;quot;))</message>
  <nestedLevel>1</nestedLevel>
  <property name="startLine">19</property>
  <property name="stepIndex">2</property>
  <property name="description">Click Rekod Baru button</property>
</record>
<record>
  <date>2019-03-13T11:43:46</date>
  <millis>1552448626706</millis>
  <sequence>152</sequence>
  <level>PASSED</level>
  <class>com.kms.katalon.core.logging.XmlKeywordLogger</class>
  <method>logMessage</method>
  <thread>1</thread>
  <message>Object: &amp;apos;Object Repository/Perolehan/002 Penyedia_RekodBaru/005 Rekod Baru Inden Kerja/button_Rekod_Baru&amp;apos; is clicked on</message>
  <nestedLevel>1</nestedLevel>
</record>
<record>
  <date>2019-03-13T11:43:46</date>
  <millis>1552448626707</millis>
  <sequence>153</sequence>
  <level>END</level>
  <class>com.kms.katalon.core.logging.XmlKeywordLogger</class>
  <method>endKeyword</method>
  <thread>1</thread>
  <message>End action : click(findTestObject(\&amp;quot;Perolehan/002 Penyedia_RekodBaru/005 Rekod Baru Inden Kerja/button_Rekod_Baru\&amp;quot;))</message>
  <nestedLevel>1</nestedLevel>
</record>
<record>
  <date>2019-03-13T11:43:46</date>
  <millis>1552448626707</millis>
  <sequence>154</sequence>
  <level>START</level>
  <class>com.kms.katalon.core.logging.XmlKeywordLogger</class>
  <method>startKeyword</method>
  <thread>1</thread>
  <message>Start action : delay(3)</message>
  <nestedLevel>1</nestedLevel>
  <property name="startLine">21</property>
  <property name="stepIndex">3</property>
</record>
<record>
  <date>2019-03-13T11:43:49</date>
  <millis>1552448629710</millis>
  <sequence>156</sequence>
  <level>PASSED</level>
  <class>com.kms.katalon.core.logging.XmlKeywordLogger</class>
  <method>logMessage</method>
  <thread>1</thread>
  <message>Delayed 3 second(s)</message>
  <nestedLevel>1</nestedLevel>
</record>
<record>
  <date>2019-03-13T11:43:49</date>
  <millis>1552448629712</millis>
  <sequence>157</sequence>
  <level>END</level>
  <class>com.kms.katalon.core.logging.XmlKeywordLogger</class>
  <method>endKeyword</method>
  <thread>1</thread>
  <message>End action : delay(3)</message>
  <nestedLevel>1</nestedLevel>
</record>
<record>
  <date>2019-03-13T11:43:49</date>
  <millis>1552448629713</millis>
  <sequence>158</sequence>
  <level>START</level>
  <class>com.kms.katalon.core.logging.XmlKeywordLogger</class>
  <method>startKeyword</method>
  <thread>1</thread>
  <message>Start action : click(findTestObject(\&amp;quot;Perolehan/002 Penyedia_RekodBaru/005 Rekod Baru Inden Kerja/Drop_down_Jenis_Urusniaga\&amp;quot;))</message>
  <nestedLevel>1</nestedLevel>
  <property name="startLine">24</property>
  <property name="stepIndex">4</property>
  <property name="description">Click Rekod Baru button</property>
</record>
<record>
  <date>2019-03-13T11:43:49</date>
  <millis>1552448629808</millis>
  <sequence>165</sequence>
  <level>PASSED</level>
  <class>com.kms.katalon.core.logging.XmlKeywordLogger</class>
  <method>logMessage</method>
  <thread>1</thread>
  <message>Object: &amp;apos;Object Repository/Perolehan/002 Penyedia_RekodBaru/005 Rekod Baru Inden Kerja/Drop_down_Jenis_Urusniaga&amp;apos; is clicked on</message>
  <nestedLevel>1</nestedLevel>
</record>
<record>
  <date>2019-03-13T11:43:49</date>
  <millis>1552448629808</millis>
  <sequence>166</sequence>
  <level>END</level>
  <class>com.kms.katalon.core.logging.XmlKeywordLogger</class>
  <method>endKeyword</method>
  <thread>1</thread>
  <message>End action : click(findTestObject(\&amp;quot;Perolehan/002 Penyedia_RekodBaru/005 Rekod Baru Inden Kerja/Drop_down_Jenis_Urusniaga\&amp;quot;))</message>
  <nestedLevel>1</nestedLevel>
</record>
<record>
  <date>2019-03-13T11:43:49</date>
  <millis>1552448629809</millis>
  <sequence>167</sequence>
  <level>START</level>
  <class>com.kms.katalon.core.logging.XmlKeywordLogger</class>
  <method>startKeyword</method>
  <thread>1</thread>
  <message>Start action : delay(2)</message>
  <nestedLevel>1</nestedLevel>
  <property name="startLine">26</property>
  <property name="stepIndex">5</property>
</record>
<record>
  <date>2019-03-13T11:43:51</date>
  <millis>1552448631813</millis>
  <sequence>169</sequence>
  <level>PASSED</level>
  <class>com.kms.katalon.core.logging.XmlKeywordLogger</class>
  <method>logMessage</method>
  <thread>1</thread>
  <message>Delayed 2 second(s)</message>
  <nestedLevel>1</nestedLevel>
</record>
<record>
  <date>2019-03-13T11:43:51</date>
  <millis>1552448631814</millis>
  <sequence>170</sequence>
  <level>END</level>
  <class>com.kms.katalon.core.logging.XmlKeywordLogger</class>
  <method>endKeyword</method>
  <thread>1</thread>
  <message>End action : delay(2)</message>
  <nestedLevel>1</nestedLevel>
</record>
<record>
  <date>2019-03-13T11:43:51</date>
  <millis>1552448631816</millis>
  <sequence>171</sequence>
  <level>START</level>
  <class>com.kms.katalon.core.logging.XmlKeywordLogger</class>
  <method>startKeyword</method>
  <thread>1</thread>
  <message>Start action : mydate = new java.util.Date()</message>
  <nestedLevel>1</nestedLevel>
  <property name="startLine">29</property>
  <property name="stepIndex">6</property>
  <property name="description">Get todays year and date</property>
</record>
<record>
  <date>2019-03-13T11:43:51</date>
  <millis>1552448631817</millis>
  <sequence>172</sequence>
  <level>END</level>
  <class>com.kms.katalon.core.logging.XmlKeywordLogger</class>
  <method>endKeyword</method>
  <thread>1</thread>
  <message>End action : mydate = new java.util.Date()</message>
  <nestedLevel>1</nestedLevel>
</record>
<record>
  <date>2019-03-13T11:43:51</date>
  <millis>1552448631817</millis>
  <sequence>173</sequence>
  <level>START</level>
  <class>com.kms.katalon.core.logging.XmlKeywordLogger</class>
  <method>startKeyword</method>
  <thread>1</thread>
  <message>Start action : click(findTestObject(\&amp;quot;Perolehan/002 Penyedia_RekodBaru/005 Rekod Baru Inden Kerja/select_INDEN KERJA AUTO\&amp;quot;))</message>
  <nestedLevel>1</nestedLevel>
  <property name="startLine">32</property>
  <property name="stepIndex">7</property>
  <property name="description">Click Rekod Baru button</property>
</record>
<record>
  <date>2019-03-13T11:43:51</date>
  <millis>1552448631925</millis>
  <sequence>180</sequence>
  <level>PASSED</level>
  <class>com.kms.katalon.core.logging.XmlKeywordLogger</class>
  <method>logMessage</method>
  <thread>1</thread>
  <message>Object: &amp;apos;Object Repository/Perolehan/002 Penyedia_RekodBaru/005 Rekod Baru Inden Kerja/select_INDEN KERJA AUTO&amp;apos; is clicked on</message>
  <nestedLevel>1</nestedLevel>
</record>
<record>
  <date>2019-03-13T11:43:51</date>
  <millis>1552448631925</millis>
  <sequence>181</sequence>
  <level>END</level>
  <class>com.kms.katalon.core.logging.XmlKeywordLogger</class>
  <method>endKeyword</method>
  <thread>1</thread>
  <message>End action : click(findTestObject(\&amp;quot;Perolehan/002 Penyedia_RekodBaru/005 Rekod Baru Inden Kerja/select_INDEN KERJA AUTO\&amp;quot;))</message>
  <nestedLevel>1</nestedLevel>
</record>
<record>
  <date>2019-03-13T11:43:51</date>
  <millis>1552448631925</millis>
  <sequence>182</sequence>
  <level>START</level>
  <class>com.kms.katalon.core.logging.XmlKeywordLogger</class>
  <method>startKeyword</method>
  <thread>1</thread>
  <message>Start action : click(findTestObject(\&amp;quot;Perolehan/002 Penyedia_RekodBaru/005 Rekod Baru Inden Kerja/Drop_down_Pembekal\&amp;quot;))</message>
  <nestedLevel>1</nestedLevel>
  <property name="startLine">35</property>
  <property name="stepIndex">8</property>
  <property name="description">Click Rekod Baru button</property>
</record>
<record>
  <date>2019-03-13T11:43:52</date>
  <millis>1552448632054</millis>
  <sequence>189</sequence>
  <level>PASSED</level>
  <class>com.kms.katalon.core.logging.XmlKeywordLogger</class>
  <method>logMessage</method>
  <thread>1</thread>
  <message>Object: &amp;apos;Object Repository/Perolehan/002 Penyedia_RekodBaru/005 Rekod Baru Inden Kerja/Drop_down_Pembekal&amp;apos; is clicked on</message>
  <nestedLevel>1</nestedLevel>
</record>
<record>
  <date>2019-03-13T11:43:52</date>
  <millis>1552448632055</millis>
  <sequence>190</sequence>
  <level>END</level>
  <class>com.kms.katalon.core.logging.XmlKeywordLogger</class>
  <method>endKeyword</method>
  <thread>1</thread>
  <message>End action : click(findTestObject(\&amp;quot;Perolehan/002 Penyedia_RekodBaru/005 Rekod Baru Inden Kerja/Drop_down_Pembekal\&amp;quot;))</message>
  <nestedLevel>1</nestedLevel>
</record>
<record>
  <date>2019-03-13T11:43:52</date>
  <millis>1552448632055</millis>
  <sequence>191</sequence>
  <level>START</level>
  <class>com.kms.katalon.core.logging.XmlKeywordLogger</class>
  <method>startKeyword</method>
  <thread>1</thread>
  <message>Start action : setText(findTestObject(\&amp;quot;Perolehan/002 Penyedia_RekodBaru/005 Rekod Baru Inden Kerja/input_nama_Pembekal\&amp;quot;), \&amp;quot;GREEN MIRACLE ENTERPRISE\&amp;quot;)</message>
  <nestedLevel>1</nestedLevel>
  <property name="startLine">38</property>
  <property name="stepIndex">9</property>
  <property name="description">Click Rekod Baru button</property>
</record>
<record>
  <date>2019-03-13T11:43:52</date>
  <millis>1552448632867</millis>
  <sequence>203</sequence>
  <level>PASSED</level>
  <class>com.kms.katalon.core.logging.XmlKeywordLogger</class>
  <method>logMessage</method>
  <thread>1</thread>
  <message>Text &amp;apos;GREEN MIRACLE ENTERPRISE&amp;apos; is set on object &amp;apos;Object Repository/Perolehan/002 Penyedia_RekodBaru/005 Rekod Baru Inden Kerja/input_nama_Pembekal&amp;apos;</message>
  <nestedLevel>1</nestedLevel>
</record>
<record>
  <date>2019-03-13T11:43:52</date>
  <millis>1552448632867</millis>
  <sequence>204</sequence>
  <level>END</level>
  <class>com.kms.katalon.core.logging.XmlKeywordLogger</class>
  <method>endKeyword</method>
  <thread>1</thread>
  <message>End action : setText(findTestObject(\&amp;quot;Perolehan/002 Penyedia_RekodBaru/005 Rekod Baru Inden Kerja/input_nama_Pembekal\&amp;quot;), \&amp;quot;GREEN MIRACLE ENTERPRISE\&amp;quot;)</message>
  <nestedLevel>1</nestedLevel>
</record>
<record>
  <date>2019-03-13T11:43:52</date>
  <millis>1552448632867</millis>
  <sequence>205</sequence>
  <level>START</level>
  <class>com.kms.katalon.core.logging.XmlKeywordLogger</class>
  <method>startKeyword</method>
  <thread>1</thread>
  <message>Start action : click(findTestObject(\&amp;quot;Perolehan/002 Penyedia_RekodBaru/005 Rekod Baru Inden Kerja/select_Kod_Pembekal_Green_Miracle\&amp;quot;))</message>
  <nestedLevel>1</nestedLevel>
  <property name="startLine">41</property>
  <property name="stepIndex">10</property>
  <property name="description">Click Rekod Baru button</property>
</record>
<record>
  <date>2019-03-13T11:43:52</date>
  <millis>1552448632972</millis>
  <sequence>212</sequence>
  <level>PASSED</level>
  <class>com.kms.katalon.core.logging.XmlKeywordLogger</class>
  <method>logMessage</method>
  <thread>1</thread>
  <message>Object: &amp;apos;Object Repository/Perolehan/002 Penyedia_RekodBaru/005 Rekod Baru Inden Kerja/select_Kod_Pembekal_Green_Miracle&amp;apos; is clicked on</message>
  <nestedLevel>1</nestedLevel>
</record>
<record>
  <date>2019-03-13T11:43:52</date>
  <millis>1552448632973</millis>
  <sequence>213</sequence>
  <level>END</level>
  <class>com.kms.katalon.core.logging.XmlKeywordLogger</class>
  <method>endKeyword</method>
  <thread>1</thread>
  <message>End action : click(findTestObject(\&amp;quot;Perolehan/002 Penyedia_RekodBaru/005 Rekod Baru Inden Kerja/select_Kod_Pembekal_Green_Miracle\&amp;quot;))</message>
  <nestedLevel>1</nestedLevel>
</record>
<record>
  <date>2019-03-13T11:43:52</date>
  <millis>1552448632973</millis>
  <sequence>214</sequence>
  <level>START</level>
  <class>com.kms.katalon.core.logging.XmlKeywordLogger</class>
  <method>startKeyword</method>
  <thread>1</thread>
  <message>Start action : click(findTestObject(\&amp;quot;Perolehan/002 Penyedia_RekodBaru/005 Rekod Baru Inden Kerja/Date_Picker_Sila_Bekalkan\&amp;quot;))</message>
  <nestedLevel>1</nestedLevel>
  <property name="startLine">44</property>
  <property name="stepIndex">11</property>
  <property name="description">Click Rekod Baru button</property>
</record>
<record>
  <date>2019-03-13T11:43:53</date>
  <millis>1552448633065</millis>
  <sequence>221</sequence>
  <level>PASSED</level>
  <class>com.kms.katalon.core.logging.XmlKeywordLogger</class>
  <method>logMessage</method>
  <thread>1</thread>
  <message>Object: &amp;apos;Object Repository/Perolehan/002 Penyedia_RekodBaru/005 Rekod Baru Inden Kerja/Date_Picker_Sila_Bekalkan&amp;apos; is clicked on</message>
  <nestedLevel>1</nestedLevel>
</record>
<record>
  <date>2019-03-13T11:43:53</date>
  <millis>1552448633066</millis>
  <sequence>222</sequence>
  <level>END</level>
  <class>com.kms.katalon.core.logging.XmlKeywordLogger</class>
  <method>endKeyword</method>
  <thread>1</thread>
  <message>End action : click(findTestObject(\&amp;quot;Perolehan/002 Penyedia_RekodBaru/005 Rekod Baru Inden Kerja/Date_Picker_Sila_Bekalkan\&amp;quot;))</message>
  <nestedLevel>1</nestedLevel>
</record>
<record>
  <date>2019-03-13T11:43:53</date>
  <millis>1552448633066</millis>
  <sequence>223</sequence>
  <level>START</level>
  <class>com.kms.katalon.core.logging.XmlKeywordLogger</class>
  <method>startKeyword</method>
  <thread>1</thread>
  <message>Start action : delay(3)</message>
  <nestedLevel>1</nestedLevel>
  <property name="startLine">46</property>
  <property name="stepIndex">12</property>
</record>
<record>
  <date>2019-03-13T11:43:56</date>
  <millis>1552448636069</millis>
  <sequence>225</sequence>
  <level>PASSED</level>
  <class>com.kms.katalon.core.logging.XmlKeywordLogger</class>
  <method>logMessage</method>
  <thread>1</thread>
  <message>Delayed 3 second(s)</message>
  <nestedLevel>1</nestedLevel>
</record>
<record>
  <date>2019-03-13T11:43:56</date>
  <millis>1552448636071</millis>
  <sequence>226</sequence>
  <level>END</level>
  <class>com.kms.katalon.core.logging.XmlKeywordLogger</class>
  <method>endKeyword</method>
  <thread>1</thread>
  <message>End action : delay(3)</message>
  <nestedLevel>1</nestedLevel>
</record>
<record>
  <date>2019-03-13T11:43:56</date>
  <millis>1552448636071</millis>
  <sequence>227</sequence>
  <level>START</level>
  <class>com.kms.katalon.core.logging.XmlKeywordLogger</class>
  <method>startKeyword</method>
  <thread>1</thread>
  <message>Start action : click(findTestObject(\&amp;quot;Perolehan/002 Penyedia_RekodBaru/005 Rekod Baru Inden Kerja/Date_Picker_Next_month\&amp;quot;))</message>
  <nestedLevel>1</nestedLevel>
  <property name="startLine">49</property>
  <property name="stepIndex">13</property>
  <property name="description">Click Rekod Baru button</property>
</record>
<record>
  <date>2019-03-13T11:43:56</date>
  <millis>1552448636139</millis>
  <sequence>234</sequence>
  <level>PASSED</level>
  <class>com.kms.katalon.core.logging.XmlKeywordLogger</class>
  <method>logMessage</method>
  <thread>1</thread>
  <message>Object: &amp;apos;Object Repository/Perolehan/002 Penyedia_RekodBaru/005 Rekod Baru Inden Kerja/Date_Picker_Next_month&amp;apos; is clicked on</message>
  <nestedLevel>1</nestedLevel>
</record>
<record>
  <date>2019-03-13T11:43:56</date>
  <millis>1552448636140</millis>
  <sequence>235</sequence>
  <level>END</level>
  <class>com.kms.katalon.core.logging.XmlKeywordLogger</class>
  <method>endKeyword</method>
  <thread>1</thread>
  <message>End action : click(findTestObject(\&amp;quot;Perolehan/002 Penyedia_RekodBaru/005 Rekod Baru Inden Kerja/Date_Picker_Next_month\&amp;quot;))</message>
  <nestedLevel>1</nestedLevel>
</record>
<record>
  <date>2019-03-13T11:43:56</date>
  <millis>1552448636140</millis>
  <sequence>236</sequence>
  <level>START</level>
  <class>com.kms.katalon.core.logging.XmlKeywordLogger</class>
  <method>startKeyword</method>
  <thread>1</thread>
  <message>Start action : click(findTestObject(\&amp;quot;Perolehan/002 Penyedia_RekodBaru/005 Rekod Baru Inden Kerja/Date_Picker_Select_date_26th\&amp;quot;))</message>
  <nestedLevel>1</nestedLevel>
  <property name="startLine">52</property>
  <property name="stepIndex">14</property>
  <property name="description">Click Rekod Baru button</property>
</record>
<record>
  <date>2019-03-13T11:43:56</date>
  <millis>1552448636211</millis>
  <sequence>243</sequence>
  <level>PASSED</level>
  <class>com.kms.katalon.core.logging.XmlKeywordLogger</class>
  <method>logMessage</method>
  <thread>1</thread>
  <message>Object: &amp;apos;Object Repository/Perolehan/002 Penyedia_RekodBaru/005 Rekod Baru Inden Kerja/Date_Picker_Select_date_26th&amp;apos; is clicked on</message>
  <nestedLevel>1</nestedLevel>
</record>
<record>
  <date>2019-03-13T11:43:56</date>
  <millis>1552448636212</millis>
  <sequence>244</sequence>
  <level>END</level>
  <class>com.kms.katalon.core.logging.XmlKeywordLogger</class>
  <method>endKeyword</method>
  <thread>1</thread>
  <message>End action : click(findTestObject(\&amp;quot;Perolehan/002 Penyedia_RekodBaru/005 Rekod Baru Inden Kerja/Date_Picker_Select_date_26th\&amp;quot;))</message>
  <nestedLevel>1</nestedLevel>
</record>
<record>
  <date>2019-03-13T11:43:56</date>
  <millis>1552448636212</millis>
  <sequence>245</sequence>
  <level>START</level>
  <class>com.kms.katalon.core.logging.XmlKeywordLogger</class>
  <method>startKeyword</method>
  <thread>1</thread>
  <message>Start action : setText(findTestObject(\&amp;quot;Perolehan/002 Penyedia_RekodBaru/005 Rekod Baru Inden Kerja/input_no_tanggungan\&amp;quot;), \&amp;quot;2\&amp;quot;)</message>
  <nestedLevel>1</nestedLevel>
  <property name="startLine">55</property>
  <property name="stepIndex">15</property>
  <property name="description">Click Rekod Baru button</property>
</record>
<record>
  <date>2019-03-13T11:43:56</date>
  <millis>1552448636308</millis>
  <sequence>257</sequence>
  <level>PASSED</level>
  <class>com.kms.katalon.core.logging.XmlKeywordLogger</class>
  <method>logMessage</method>
  <thread>1</thread>
  <message>Text &amp;apos;2&amp;apos; is set on object &amp;apos;Object Repository/Perolehan/002 Penyedia_RekodBaru/005 Rekod Baru Inden Kerja/input_no_tanggungan&amp;apos;</message>
  <nestedLevel>1</nestedLevel>
</record>
<record>
  <date>2019-03-13T11:43:56</date>
  <millis>1552448636308</millis>
  <sequence>258</sequence>
  <level>END</level>
  <class>com.kms.katalon.core.logging.XmlKeywordLogger</class>
  <method>endKeyword</method>
  <thread>1</thread>
  <message>End action : setText(findTestObject(\&amp;quot;Perolehan/002 Penyedia_RekodBaru/005 Rekod Baru Inden Kerja/input_no_tanggungan\&amp;quot;), \&amp;quot;2\&amp;quot;)</message>
  <nestedLevel>1</nestedLevel>
</record>
<record>
  <date>2019-03-13T11:43:56</date>
  <millis>1552448636309</millis>
  <sequence>259</sequence>
  <level>START</level>
  <class>com.kms.katalon.core.logging.XmlKeywordLogger</class>
  <method>startKeyword</method>
  <thread>1</thread>
  <message>Start action : setText(findTestObject(\&amp;quot;Perolehan/002 Penyedia_RekodBaru/005 Rekod Baru Inden Kerja/input_amaun_tanggungan\&amp;quot;), \&amp;quot;2\&amp;quot;)</message>
  <nestedLevel>1</nestedLevel>
  <property name="startLine">58</property>
  <property name="stepIndex">16</property>
  <property name="description">Click Rekod Baru button</property>
</record>
<record>
  <date>2019-03-13T11:43:56</date>
  <millis>1552448636396</millis>
  <sequence>271</sequence>
  <level>PASSED</level>
  <class>com.kms.katalon.core.logging.XmlKeywordLogger</class>
  <method>logMessage</method>
  <thread>1</thread>
  <message>Text &amp;apos;2&amp;apos; is set on object &amp;apos;Object Repository/Perolehan/002 Penyedia_RekodBaru/005 Rekod Baru Inden Kerja/input_amaun_tanggungan&amp;apos;</message>
  <nestedLevel>1</nestedLevel>
</record>
<record>
  <date>2019-03-13T11:43:56</date>
  <millis>1552448636396</millis>
  <sequence>272</sequence>
  <level>END</level>
  <class>com.kms.katalon.core.logging.XmlKeywordLogger</class>
  <method>endKeyword</method>
  <thread>1</thread>
  <message>End action : setText(findTestObject(\&amp;quot;Perolehan/002 Penyedia_RekodBaru/005 Rekod Baru Inden Kerja/input_amaun_tanggungan\&amp;quot;), \&amp;quot;2\&amp;quot;)</message>
  <nestedLevel>1</nestedLevel>
</record>
<record>
  <date>2019-03-13T11:43:56</date>
  <millis>1552448636397</millis>
  <sequence>273</sequence>
  <level>START</level>
  <class>com.kms.katalon.core.logging.XmlKeywordLogger</class>
  <method>startKeyword</method>
  <thread>1</thread>
  <message>Start action : setText(findTestObject(\&amp;quot;Perolehan/002 Penyedia_RekodBaru/005 Rekod Baru Inden Kerja/input_ringkasan_kerja\&amp;quot;), \&amp;quot;ringkasan kerja untuk inden kerja\&amp;quot;)</message>
  <nestedLevel>1</nestedLevel>
  <property name="startLine">61</property>
  <property name="stepIndex">17</property>
  <property name="description">Click Rekod Baru button</property>
</record>
<record>
  <date>2019-03-13T11:43:56</date>
  <millis>1552448636657</millis>
  <sequence>285</sequence>
  <level>PASSED</level>
  <class>com.kms.katalon.core.logging.XmlKeywordLogger</class>
  <method>logMessage</method>
  <thread>1</thread>
  <message>Text &amp;apos;ringkasan kerja untuk inden kerja&amp;apos; is set on object &amp;apos;Object Repository/Perolehan/002 Penyedia_RekodBaru/005 Rekod Baru Inden Kerja/input_ringkasan_kerja&amp;apos;</message>
  <nestedLevel>1</nestedLevel>
</record>
<record>
  <date>2019-03-13T11:43:56</date>
  <millis>1552448636657</millis>
  <sequence>286</sequence>
  <level>END</level>
  <class>com.kms.katalon.core.logging.XmlKeywordLogger</class>
  <method>endKeyword</method>
  <thread>1</thread>
  <message>End action : setText(findTestObject(\&amp;quot;Perolehan/002 Penyedia_RekodBaru/005 Rekod Baru Inden Kerja/input_ringkasan_kerja\&amp;quot;), \&amp;quot;ringkasan kerja untuk inden kerja\&amp;quot;)</message>
  <nestedLevel>1</nestedLevel>
</record>
<record>
  <date>2019-03-13T11:43:56</date>
  <millis>1552448636658</millis>
  <sequence>287</sequence>
  <level>START</level>
  <class>com.kms.katalon.core.logging.XmlKeywordLogger</class>
  <method>startKeyword</method>
  <thread>1</thread>
  <message>Start action : RN = Math.random() * 100000</message>
  <nestedLevel>1</nestedLevel>
  <property name="startLine">64</property>
  <property name="stepIndex">18</property>
  <property name="description">int RN is created to generete random number</property>
</record>
<record>
  <date>2019-03-13T11:43:56</date>
  <millis>1552448636668</millis>
  <sequence>288</sequence>
  <level>END</level>
  <class>com.kms.katalon.core.logging.XmlKeywordLogger</class>
  <method>endKeyword</method>
  <thread>1</thread>
  <message>End action : RN = Math.random() * 100000</message>
  <nestedLevel>1</nestedLevel>
</record>
<record>
  <date>2019-03-13T11:43:56</date>
  <millis>1552448636669</millis>
  <sequence>289</sequence>
  <level>START</level>
  <class>com.kms.katalon.core.logging.XmlKeywordLogger</class>
  <method>startKeyword</method>
  <thread>1</thread>
  <message>Start action : setText(findTestObject(\&amp;quot;Perolehan/002 Penyedia_RekodBaru/005 Rekod Baru Inden Kerja/input_rujukan_fail\&amp;quot;), \&amp;quot;IK00\&amp;quot; + RN)</message>
  <nestedLevel>1</nestedLevel>
  <property name="startLine">67</property>
  <property name="stepIndex">19</property>
  <property name="description">Click Rekod Baru button</property>
</record>
<record>
  <date>2019-03-13T11:43:56</date>
  <millis>1552448636809</millis>
  <sequence>301</sequence>
  <level>PASSED</level>
  <class>com.kms.katalon.core.logging.XmlKeywordLogger</class>
  <method>logMessage</method>
  <thread>1</thread>
  <message>Text &amp;apos;IK0049927&amp;apos; is set on object &amp;apos;Object Repository/Perolehan/002 Penyedia_RekodBaru/005 Rekod Baru Inden Kerja/input_rujukan_fail&amp;apos;</message>
  <nestedLevel>1</nestedLevel>
</record>
<record>
  <date>2019-03-13T11:43:56</date>
  <millis>1552448636809</millis>
  <sequence>302</sequence>
  <level>END</level>
  <class>com.kms.katalon.core.logging.XmlKeywordLogger</class>
  <method>endKeyword</method>
  <thread>1</thread>
  <message>End action : setText(findTestObject(\&amp;quot;Perolehan/002 Penyedia_RekodBaru/005 Rekod Baru Inden Kerja/input_rujukan_fail\&amp;quot;), \&amp;quot;IK00\&amp;quot; + RN)</message>
  <nestedLevel>1</nestedLevel>
</record>
<record>
  <date>2019-03-13T11:43:56</date>
  <millis>1552448636809</millis>
  <sequence>303</sequence>
  <level>START</level>
  <class>com.kms.katalon.core.logging.XmlKeywordLogger</class>
  <method>startKeyword</method>
  <thread>1</thread>
  <message>Start action : IKno_rujukan = getText(findTestObject(\&amp;quot;Perolehan/002 Penyedia_RekodBaru/005 Rekod Baru Inden Kerja/input_rujukan_fail\&amp;quot;))</message>
  <nestedLevel>1</nestedLevel>
  <property name="startLine">71</property>
  <property name="stepIndex">20</property>
  <property name="description">get Input Rujukan fail value</property>
</record>
<record>
  <date>2019-03-13T11:43:56</date>
  <millis>1552448636846</millis>
  <sequence>310</sequence>
  <level>PASSED</level>
  <class>com.kms.katalon.core.logging.XmlKeywordLogger</class>
  <method>logMessage</method>
  <thread>1</thread>
  <message>Text of object &amp;apos;Object Repository/Perolehan/002 Penyedia_RekodBaru/005 Rekod Baru Inden Kerja/input_rujukan_fail&amp;apos; is: &amp;apos;&amp;apos;</message>
  <nestedLevel>1</nestedLevel>
</record>
<record>
  <date>2019-03-13T11:43:56</date>
  <millis>1552448636972</millis>
  <sequence>311</sequence>
  <level>END</level>
  <class>com.kms.katalon.core.logging.XmlKeywordLogger</class>
  <method>endKeyword</method>
  <thread>1</thread>
  <message>End action : IKno_rujukan = getText(findTestObject(\&amp;quot;Perolehan/002 Penyedia_RekodBaru/005 Rekod Baru Inden Kerja/input_rujukan_fail\&amp;quot;))</message>
  <nestedLevel>1</nestedLevel>
</record>
<record>
  <date>2019-03-13T11:43:56</date>
  <millis>1552448636972</millis>
  <sequence>312</sequence>
  <level>START</level>
  <class>com.kms.katalon.core.logging.XmlKeywordLogger</class>
  <method>startKeyword</method>
  <thread>1</thread>
  <message>Start action : println(IKno_rujukan)</message>
  <nestedLevel>1</nestedLevel>
  <property name="startLine">73</property>
  <property name="stepIndex">21</property>
</record>
<record>
  <date>2019-03-13T11:43:56</date>
  <millis>1552448636975</millis>
  <sequence>313</sequence>
  <level>END</level>
  <class>com.kms.katalon.core.logging.XmlKeywordLogger</class>
  <method>endKeyword</method>
  <thread>1</thread>
  <message>End action : println(IKno_rujukan)</message>
  <nestedLevel>1</nestedLevel>
</record>
<record>
  <date>2019-03-13T11:43:56</date>
  <millis>1552448636975</millis>
  <sequence>314</sequence>
  <level>START</level>
  <class>com.kms.katalon.core.logging.XmlKeywordLogger</class>
  <method>startKeyword</method>
  <thread>1</thread>
  <message>Start action : setText(findTestObject(\&amp;quot;Perolehan/002 Penyedia_RekodBaru/005 Rekod Baru Inden Kerja/input_kerja_terperinci\&amp;quot;), \&amp;quot;kerja terperinci \&amp;quot; + mydate)</message>
  <nestedLevel>1</nestedLevel>
  <property name="startLine">76</property>
  <property name="stepIndex">22</property>
  <property name="description">Click Rekod Baru button</property>
</record>
<record>
  <date>2019-03-13T11:43:57</date>
  <millis>1552448637140</millis>
  <sequence>326</sequence>
  <level>PASSED</level>
  <class>com.kms.katalon.core.logging.XmlKeywordLogger</class>
  <method>logMessage</method>
  <thread>1</thread>
  <message>Text &amp;apos;kerja terperinci Wed Mar 13 11:43:51 SGT 2019&amp;apos; is set on object &amp;apos;Object Repository/Perolehan/002 Penyedia_RekodBaru/005 Rekod Baru Inden Kerja/input_kerja_terperinci&amp;apos;</message>
  <nestedLevel>1</nestedLevel>
</record>
<record>
  <date>2019-03-13T11:43:57</date>
  <millis>1552448637140</millis>
  <sequence>327</sequence>
  <level>END</level>
  <class>com.kms.katalon.core.logging.XmlKeywordLogger</class>
  <method>endKeyword</method>
  <thread>1</thread>
  <message>End action : setText(findTestObject(\&amp;quot;Perolehan/002 Penyedia_RekodBaru/005 Rekod Baru Inden Kerja/input_kerja_terperinci\&amp;quot;), \&amp;quot;kerja terperinci \&amp;quot; + mydate)</message>
  <nestedLevel>1</nestedLevel>
</record>
<record>
  <date>2019-03-13T11:43:57</date>
  <millis>1552448637140</millis>
  <sequence>328</sequence>
  <level>START</level>
  <class>com.kms.katalon.core.logging.XmlKeywordLogger</class>
  <method>startKeyword</method>
  <thread>1</thread>
  <message>Start action : setText(findTestObject(\&amp;quot;Perolehan/002 Penyedia_RekodBaru/005 Rekod Baru Inden Kerja/input_Perihal\&amp;quot;), \&amp;quot;test here \&amp;quot; + mydate)</message>
  <nestedLevel>1</nestedLevel>
  <property name="startLine">80</property>
  <property name="stepIndex">23</property>
  <property name="description">Click Rekod Baru button</property>
</record>
<record>
  <date>2019-03-13T11:43:57</date>
  <millis>1552448637292</millis>
  <sequence>340</sequence>
  <level>PASSED</level>
  <class>com.kms.katalon.core.logging.XmlKeywordLogger</class>
  <method>logMessage</method>
  <thread>1</thread>
  <message>Text &amp;apos;test here Wed Mar 13 11:43:51 SGT 2019&amp;apos; is set on object &amp;apos;Object Repository/Perolehan/002 Penyedia_RekodBaru/005 Rekod Baru Inden Kerja/input_Perihal&amp;apos;</message>
  <nestedLevel>1</nestedLevel>
</record>
<record>
  <date>2019-03-13T11:43:57</date>
  <millis>1552448637293</millis>
  <sequence>341</sequence>
  <level>END</level>
  <class>com.kms.katalon.core.logging.XmlKeywordLogger</class>
  <method>endKeyword</method>
  <thread>1</thread>
  <message>End action : setText(findTestObject(\&amp;quot;Perolehan/002 Penyedia_RekodBaru/005 Rekod Baru Inden Kerja/input_Perihal\&amp;quot;), \&amp;quot;test here \&amp;quot; + mydate)</message>
  <nestedLevel>1</nestedLevel>
</record>
<record>
  <date>2019-03-13T11:43:57</date>
  <millis>1552448637293</millis>
  <sequence>342</sequence>
  <level>START</level>
  <class>com.kms.katalon.core.logging.XmlKeywordLogger</class>
  <method>startKeyword</method>
  <thread>1</thread>
  <message>Start action : click(findTestObject(\&amp;quot;Perolehan/002 Penyedia_RekodBaru/005 Rekod Baru Inden Kerja/tambah_maklumat_terperinci\&amp;quot;))</message>
  <nestedLevel>1</nestedLevel>
  <property name="startLine">84</property>
  <property name="stepIndex">24</property>
  <property name="description">Click Rekod Baru button</property>
</record>
<record>
  <date>2019-03-13T11:43:57</date>
  <millis>1552448637459</millis>
  <sequence>349</sequence>
  <level>PASSED</level>
  <class>com.kms.katalon.core.logging.XmlKeywordLogger</class>
  <method>logMessage</method>
  <thread>1</thread>
  <message>Object: &amp;apos;Object Repository/Perolehan/002 Penyedia_RekodBaru/005 Rekod Baru Inden Kerja/tambah_maklumat_terperinci&amp;apos; is clicked on</message>
  <nestedLevel>1</nestedLevel>
</record>
<record>
  <date>2019-03-13T11:43:57</date>
  <millis>1552448637459</millis>
  <sequence>350</sequence>
  <level>END</level>
  <class>com.kms.katalon.core.logging.XmlKeywordLogger</class>
  <method>endKeyword</method>
  <thread>1</thread>
  <message>End action : click(findTestObject(\&amp;quot;Perolehan/002 Penyedia_RekodBaru/005 Rekod Baru Inden Kerja/tambah_maklumat_terperinci\&amp;quot;))</message>
  <nestedLevel>1</nestedLevel>
</record>
<record>
  <date>2019-03-13T11:43:57</date>
  <millis>1552448637459</millis>
  <sequence>351</sequence>
  <level>START</level>
  <class>com.kms.katalon.core.logging.XmlKeywordLogger</class>
  <method>startKeyword</method>
  <thread>1</thread>
  <message>Start action : delay(3)</message>
  <nestedLevel>1</nestedLevel>
  <property name="startLine">86</property>
  <property name="stepIndex">25</property>
</record>
<record>
  <date>2019-03-13T11:44:00</date>
  <millis>1552448640462</millis>
  <sequence>353</sequence>
  <level>PASSED</level>
  <class>com.kms.katalon.core.logging.XmlKeywordLogger</class>
  <method>logMessage</method>
  <thread>1</thread>
  <message>Delayed 3 second(s)</message>
  <nestedLevel>1</nestedLevel>
</record>
<record>
  <date>2019-03-13T11:44:00</date>
  <millis>1552448640463</millis>
  <sequence>354</sequence>
  <level>END</level>
  <class>com.kms.katalon.core.logging.XmlKeywordLogger</class>
  <method>endKeyword</method>
  <thread>1</thread>
  <message>End action : delay(3)</message>
  <nestedLevel>1</nestedLevel>
</record>
<record>
  <date>2019-03-13T11:44:00</date>
  <millis>1552448640464</millis>
  <sequence>355</sequence>
  <level>START</level>
  <class>com.kms.katalon.core.logging.XmlKeywordLogger</class>
  <method>startKeyword</method>
  <thread>1</thread>
  <message>Start action : click(findTestObject(\&amp;quot;Perolehan/002 Penyedia_RekodBaru/005 Rekod Baru Inden Kerja/Drop_down_Vot_Dana\&amp;quot;))</message>
  <nestedLevel>1</nestedLevel>
  <property name="startLine">89</property>
  <property name="stepIndex">26</property>
  <property name="description">Click Rekod Baru button</property>
</record>
<record>
  <date>2019-03-13T11:44:00</date>
  <millis>1552448640708</millis>
  <sequence>362</sequence>
  <level>PASSED</level>
  <class>com.kms.katalon.core.logging.XmlKeywordLogger</class>
  <method>logMessage</method>
  <thread>1</thread>
  <message>Object: &amp;apos;Object Repository/Perolehan/002 Penyedia_RekodBaru/005 Rekod Baru Inden Kerja/Drop_down_Vot_Dana&amp;apos; is clicked on</message>
  <nestedLevel>1</nestedLevel>
</record>
<record>
  <date>2019-03-13T11:44:00</date>
  <millis>1552448640709</millis>
  <sequence>363</sequence>
  <level>END</level>
  <class>com.kms.katalon.core.logging.XmlKeywordLogger</class>
  <method>endKeyword</method>
  <thread>1</thread>
  <message>End action : click(findTestObject(\&amp;quot;Perolehan/002 Penyedia_RekodBaru/005 Rekod Baru Inden Kerja/Drop_down_Vot_Dana\&amp;quot;))</message>
  <nestedLevel>1</nestedLevel>
</record>
<record>
  <date>2019-03-13T11:44:00</date>
  <millis>1552448640709</millis>
  <sequence>364</sequence>
  <level>START</level>
  <class>com.kms.katalon.core.logging.XmlKeywordLogger</class>
  <method>startKeyword</method>
  <thread>1</thread>
  <message>Start action : delay(8)</message>
  <nestedLevel>1</nestedLevel>
  <property name="startLine">91</property>
  <property name="stepIndex">27</property>
</record>
<record>
  <date>2019-03-13T11:44:08</date>
  <millis>1552448648713</millis>
  <sequence>366</sequence>
  <level>PASSED</level>
  <class>com.kms.katalon.core.logging.XmlKeywordLogger</class>
  <method>logMessage</method>
  <thread>1</thread>
  <message>Delayed 8 second(s)</message>
  <nestedLevel>1</nestedLevel>
</record>
<record>
  <date>2019-03-13T11:44:08</date>
  <millis>1552448648715</millis>
  <sequence>367</sequence>
  <level>END</level>
  <class>com.kms.katalon.core.logging.XmlKeywordLogger</class>
  <method>endKeyword</method>
  <thread>1</thread>
  <message>End action : delay(8)</message>
  <nestedLevel>1</nestedLevel>
</record>
<record>
  <date>2019-03-13T11:44:08</date>
  <millis>1552448648716</millis>
  <sequence>368</sequence>
  <level>START</level>
  <class>com.kms.katalon.core.logging.XmlKeywordLogger</class>
  <method>startKeyword</method>
  <thread>1</thread>
  <message>Start action : setText(findTestObject(\&amp;quot;Perolehan/002 Penyedia_RekodBaru/005 Rekod Baru Inden Kerja/input_Vot_kod\&amp;quot;), \&amp;quot;B31\&amp;quot;)</message>
  <nestedLevel>1</nestedLevel>
  <property name="startLine">94</property>
  <property name="stepIndex">28</property>
  <property name="description">Click Rekod Baru button</property>
</record>
<record>
  <date>2019-03-13T11:44:08</date>
  <millis>1552448648909</millis>
  <sequence>380</sequence>
  <level>PASSED</level>
  <class>com.kms.katalon.core.logging.XmlKeywordLogger</class>
  <method>logMessage</method>
  <thread>1</thread>
  <message>Text &amp;apos;B31&amp;apos; is set on object &amp;apos;Object Repository/Perolehan/002 Penyedia_RekodBaru/005 Rekod Baru Inden Kerja/input_Vot_kod&amp;apos;</message>
  <nestedLevel>1</nestedLevel>
</record>
<record>
  <date>2019-03-13T11:44:08</date>
  <millis>1552448648910</millis>
  <sequence>381</sequence>
  <level>END</level>
  <class>com.kms.katalon.core.logging.XmlKeywordLogger</class>
  <method>endKeyword</method>
  <thread>1</thread>
  <message>End action : setText(findTestObject(\&amp;quot;Perolehan/002 Penyedia_RekodBaru/005 Rekod Baru Inden Kerja/input_Vot_kod\&amp;quot;), \&amp;quot;B31\&amp;quot;)</message>
  <nestedLevel>1</nestedLevel>
</record>
<record>
  <date>2019-03-13T11:44:08</date>
  <millis>1552448648910</millis>
  <sequence>382</sequence>
  <level>START</level>
  <class>com.kms.katalon.core.logging.XmlKeywordLogger</class>
  <method>startKeyword</method>
  <thread>1</thread>
  <message>Start action : click(findTestObject(\&amp;quot;Perolehan/002 Penyedia_RekodBaru/005 Rekod Baru Inden Kerja/select_Vot_B31\&amp;quot;))</message>
  <nestedLevel>1</nestedLevel>
  <property name="startLine">97</property>
  <property name="stepIndex">29</property>
  <property name="description">Click</property>
</record>
<record>
  <date>2019-03-13T11:44:09</date>
  <millis>1552448649003</millis>
  <sequence>389</sequence>
  <level>PASSED</level>
  <class>com.kms.katalon.core.logging.XmlKeywordLogger</class>
  <method>logMessage</method>
  <thread>1</thread>
  <message>Object: &amp;apos;Object Repository/Perolehan/002 Penyedia_RekodBaru/005 Rekod Baru Inden Kerja/select_Vot_B31&amp;apos; is clicked on</message>
  <nestedLevel>1</nestedLevel>
</record>
<record>
  <date>2019-03-13T11:44:09</date>
  <millis>1552448649003</millis>
  <sequence>390</sequence>
  <level>END</level>
  <class>com.kms.katalon.core.logging.XmlKeywordLogger</class>
  <method>endKeyword</method>
  <thread>1</thread>
  <message>End action : click(findTestObject(\&amp;quot;Perolehan/002 Penyedia_RekodBaru/005 Rekod Baru Inden Kerja/select_Vot_B31\&amp;quot;))</message>
  <nestedLevel>1</nestedLevel>
</record>
<record>
  <date>2019-03-13T11:44:09</date>
  <millis>1552448649003</millis>
  <sequence>391</sequence>
  <level>START</level>
  <class>com.kms.katalon.core.logging.XmlKeywordLogger</class>
  <method>startKeyword</method>
  <thread>1</thread>
  <message>Start action : click(findTestObject(\&amp;quot;Perolehan/002 Penyedia_RekodBaru/005 Rekod Baru Inden Kerja/Drop_down_Program_Aktiviti\&amp;quot;))</message>
  <nestedLevel>1</nestedLevel>
  <property name="startLine">100</property>
  <property name="stepIndex">30</property>
  <property name="description">Click Rekod Baru button</property>
</record>
<record>
  <date>2019-03-13T11:44:09</date>
  <millis>1552448649087</millis>
  <sequence>398</sequence>
  <level>PASSED</level>
  <class>com.kms.katalon.core.logging.XmlKeywordLogger</class>
  <method>logMessage</method>
  <thread>1</thread>
  <message>Object: &amp;apos;Object Repository/Perolehan/002 Penyedia_RekodBaru/005 Rekod Baru Inden Kerja/Drop_down_Program_Aktiviti&amp;apos; is clicked on</message>
  <nestedLevel>1</nestedLevel>
</record>
<record>
  <date>2019-03-13T11:44:09</date>
  <millis>1552448649088</millis>
  <sequence>399</sequence>
  <level>END</level>
  <class>com.kms.katalon.core.logging.XmlKeywordLogger</class>
  <method>endKeyword</method>
  <thread>1</thread>
  <message>End action : click(findTestObject(\&amp;quot;Perolehan/002 Penyedia_RekodBaru/005 Rekod Baru Inden Kerja/Drop_down_Program_Aktiviti\&amp;quot;))</message>
  <nestedLevel>1</nestedLevel>
</record>
<record>
  <date>2019-03-13T11:44:09</date>
  <millis>1552448649088</millis>
  <sequence>400</sequence>
  <level>START</level>
  <class>com.kms.katalon.core.logging.XmlKeywordLogger</class>
  <method>startKeyword</method>
  <thread>1</thread>
  <message>Start action : setText(findTestObject(\&amp;quot;Perolehan/002 Penyedia_RekodBaru/005 Rekod Baru Inden Kerja/input_ProgramAktiviti_kod\&amp;quot;), \&amp;quot;160080\&amp;quot;)</message>
  <nestedLevel>1</nestedLevel>
  <property name="startLine">103</property>
  <property name="stepIndex">31</property>
  <property name="description">Click Rekod Baru button</property>
</record>
<record>
  <date>2019-03-13T11:44:09</date>
  <millis>1552448649611</millis>
  <sequence>408</sequence>
  <level>FAILED</level>
  <class>com.kms.katalon.core.logging.XmlKeywordLogger</class>
  <method>logMessage</method>
  <thread>1</thread>
  <message>Unable to set text &amp;apos;160080&amp;apos; of object &amp;apos;Object Repository/Perolehan/002 Penyedia_RekodBaru/005 Rekod Baru Inden Kerja/input_ProgramAktiviti_kod&amp;apos;</message>
  <nestedLevel>1</nestedLevel>
  <property name="attachment">1552448649205.png</property>
</record>
<record>
  <date>2019-03-13T11:44:09</date>
  <millis>1552448649616</millis>
  <sequence>410</sequence>
  <logger>com.kms.katalon.core.logging.XmlKeywordLogger</logger>
  <level>FAILED</level>
  <class>com.kms.katalon.core.logging.XmlKeywordLogger</class>
  <method>logMessage</method>
  <thread>1</thread>
  <message>setText(findTestObject(\&amp;quot;Perolehan/002 Penyedia_RekodBaru/005 Rekod Baru Inden Kerja/input_ProgramAktiviti_kod\&amp;quot;), \&amp;quot;160080\&amp;quot;) FAILED.\nReason:\ncom.kms.katalon.core.exception.StepFailedException: Unable to set text &amp;apos;160080&amp;apos; of object &amp;apos;Object Repository/Perolehan/002 Penyedia_RekodBaru/005 Rekod Baru Inden Kerja/input_ProgramAktiviti_kod&amp;apos;\r\n\tat com.kms.katalon.core.keyword.internal.KeywordMain.stepFailed(KeywordMain.groovy:48)\r\n\tat com.kms.katalon.core.webui.keyword.internal.WebUIKeywordMain.stepFailed(WebUIKeywordMain.groovy:65)\r\n\tat com.kms.katalon.core.webui.keyword.internal.WebUIKeywordMain.runKeyword(WebUIKeywordMain.groovy:27)\r\n\tat com.kms.katalon.core.webui.keyword.builtin.SetTextKeyword.setText(SetTextKeyword.groovy:65)\r\n\tat com.kms.katalon.core.webui.keyword.builtin.SetTextKeyword.execute(SetTextKeyword.groovy:37)\r\n\tat com.kms.katalon.core.keyword.internal.KeywordExecutor.executeKeywordForPlatform(KeywordExecutor.groovy:56)\r\n\tat com.kms.katalon.core.webui.keyword.WebUiBuiltInKeywords.setText(WebUiBuiltInKeywords.groovy:950)\r\n\tat com.kms.katalon.core.webui.keyword.WebUiBuiltInKeywords$setText$0.call(Unknown Source)\r\n\tat 005 Inden Kerja - EFT.run(005 Inden Kerja - EFT:103)\r\n\tat com.kms.katalon.core.main.ScriptEngine.run(ScriptEngine.java:194)\r\n\tat com.kms.katalon.core.main.ScriptEngine.runScriptAsRawText(ScriptEngine.java:119)\r\n\tat com.kms.katalon.core.main.TestCaseExecutor.runScript(TestCaseExecutor.java:331)\r\n\tat com.kms.katalon.core.main.TestCaseExecutor.doExecute(TestCaseExecutor.java:322)\r\n\tat com.kms.katalon.core.main.TestCaseExecutor.processExecutionPhase(TestCaseExecutor.java:301)\r\n\tat com.kms.katalon.core.main.TestCaseExecutor.accessMainPhase(TestCaseExecutor.java:293)\r\n\tat com.kms.katalon.core.main.TestCaseExecutor.execute(TestCaseExecutor.java:227)\r\n\tat com.kms.katalon.core.main.TestSuiteExecutor.accessTestCaseMainPhase(TestSuiteExecutor.java:129)\r\n\tat com.kms.katalon.core.main.TestSuiteExecutor.accessTestSuiteMainPhase(TestSuiteExecutor.java:112)\r\n\tat com.kms.katalon.core.main.TestSuiteExecutor.execute(TestSuiteExecutor.java:81)\r\n\tat com.kms.katalon.core.main.TestCaseMain.startTestSuite(TestCaseMain.java:157)\r\n\tat com.kms.katalon.core.main.TestCaseMain$startTestSuite$0.call(Unknown Source)\r\n\tat TempTestSuite1552448568516.run(TempTestSuite1552448568516.groovy:35)\r\n</message>
  <exception>
    <message>com.kms.katalon.core.exception.StepFailedException: Unable to set text '160080' of object 'Object Repository/Perolehan/002 Penyedia_RekodBaru/005 Rekod Baru Inden Kerja/input_ProgramAktiviti_kod'</message>
    <frame>
      <class>com.kms.katalon.core.keyword.internal.KeywordMain</class>
      <method>stepFailed</method>
      <line>48</line>
    </frame>
    <frame>
      <class>com.kms.katalon.core.webui.keyword.internal.WebUIKeywordMain</class>
      <method>stepFailed</method>
      <line>65</line>
    </frame>
    <frame>
      <class>com.kms.katalon.core.webui.keyword.internal.WebUIKeywordMain</class>
      <method>runKeyword</method>
      <line>27</line>
    </frame>
    <frame>
      <class>com.kms.katalon.core.webui.keyword.builtin.SetTextKeyword</class>
      <method>setText</method>
      <line>65</line>
    </frame>
    <frame>
      <class>com.kms.katalon.core.webui.keyword.builtin.SetTextKeyword</class>
      <method>execute</method>
      <line>37</line>
    </frame>
    <frame>
      <class>com.kms.katalon.core.keyword.internal.KeywordExecutor</class>
      <method>executeKeywordForPlatform</method>
      <line>56</line>
    </frame>
    <frame>
      <class>com.kms.katalon.core.webui.keyword.WebUiBuiltInKeywords</class>
      <method>setText</method>
      <line>950</line>
    </frame>
    <frame>
      <class>com.kms.katalon.core.webui.keyword.WebUiBuiltInKeywords$setText$0</class>
      <method>call</method>
    </frame>
    <frame>
      <class>005 Inden Kerja - EFT</class>
      <method>run</method>
      <line>103</line>
    </frame>
    <frame>
      <class>com.kms.katalon.core.main.ScriptEngine</class>
      <method>run</method>
      <line>194</line>
    </frame>
    <frame>
      <class>com.kms.katalon.core.main.ScriptEngine</class>
      <method>runScriptAsRawText</method>
      <line>119</line>
    </frame>
    <frame>
      <class>com.kms.katalon.core.main.TestCaseExecutor</class>
      <method>runScript</method>
      <line>331</line>
    </frame>
    <frame>
      <class>com.kms.katalon.core.main.TestCaseExecutor</class>
      <method>doExecute</method>
      <line>322</line>
    </frame>
    <frame>
      <class>com.kms.katalon.core.main.TestCaseExecutor</class>
      <method>processExecutionPhase</method>
      <line>301</line>
    </frame>
    <frame>
      <class>com.kms.katalon.core.main.TestCaseExecutor</class>
      <method>accessMainPhase</method>
      <line>293</line>
    </frame>
    <frame>
      <class>com.kms.katalon.core.main.TestCaseExecutor</class>
      <method>execute</method>
      <line>227</line>
    </frame>
    <frame>
      <class>com.kms.katalon.core.main.TestSuiteExecutor</class>
      <method>accessTestCaseMainPhase</method>
      <line>129</line>
    </frame>
    <frame>
      <class>com.kms.katalon.core.main.TestSuiteExecutor</class>
      <method>accessTestSuiteMainPhase</method>
      <line>112</line>
    </frame>
    <frame>
      <class>com.kms.katalon.core.main.TestSuiteExecutor</class>
      <method>execute</method>
      <line>81</line>
    </frame>
    <frame>
      <class>com.kms.katalon.core.main.TestCaseMain</class>
      <method>startTestSuite</method>
      <line>157</line>
    </frame>
    <frame>
      <class>com.kms.katalon.core.main.TestCaseMain$startTestSuite$0</class>
      <method>call</method>
    </frame>
    <frame>
      <class>TempTestSuite1552448568516</class>
      <method>run</method>
      <line>35</line>
    </frame>
  </exception>
  <nestedLevel>0</nestedLevel>
</record>
<record>
  <date>2019-03-13T11:44:09</date>
  <millis>1552448649617</millis>
  <sequence>411</sequence>
  <level>END</level>
  <class>com.kms.katalon.core.logging.XmlKeywordLogger</class>
  <method>endKeyword</method>
  <thread>1</thread>
  <message>End action : setText(findTestObject(\&amp;quot;Perolehan/002 Penyedia_RekodBaru/005 Rekod Baru Inden Kerja/input_ProgramAktiviti_kod\&amp;quot;), \&amp;quot;160080\&amp;quot;)</message>
  <nestedLevel>1</nestedLevel>
</record>
<record>
  <date>2019-03-13T11:44:09</date>
  <millis>1552448649617</millis>
  <sequence>413</sequence>
  <logger>com.kms.katalon.core.logging.XmlKeywordLogger</logger>
  <level>FAILED</level>
  <class>com.kms.katalon.core.logging.XmlKeywordLogger</class>
  <method>logMessage</method>
  <thread>1</thread>
  <message>Test Cases/Perolehan/002 Rekod Baru oleh Penyedia/005 Inden Kerja - EFT FAILED.\nReason:\ncom.kms.katalon.core.exception.StepFailedException: Unable to set text &amp;apos;160080&amp;apos; of object &amp;apos;Object Repository/Perolehan/002 Penyedia_RekodBaru/005 Rekod Baru Inden Kerja/input_ProgramAktiviti_kod&amp;apos;\r\n\tat com.kms.katalon.core.keyword.internal.KeywordMain.stepFailed(KeywordMain.groovy:48)\r\n\tat com.kms.katalon.core.webui.keyword.internal.WebUIKeywordMain.stepFailed(WebUIKeywordMain.groovy:65)\r\n\tat com.kms.katalon.core.webui.keyword.internal.WebUIKeywordMain.runKeyword(WebUIKeywordMain.groovy:27)\r\n\tat com.kms.katalon.core.webui.keyword.builtin.SetTextKeyword.setText(SetTextKeyword.groovy:65)\r\n\tat com.kms.katalon.core.webui.keyword.builtin.SetTextKeyword.execute(SetTextKeyword.groovy:37)\r\n\tat com.kms.katalon.core.keyword.internal.KeywordExecutor.executeKeywordForPlatform(KeywordExecutor.groovy:56)\r\n\tat com.kms.katalon.core.webui.keyword.WebUiBuiltInKeywords.setText(WebUiBuiltInKeywords.groovy:950)\r\n\tat com.kms.katalon.core.webui.keyword.WebUiBuiltInKeywords$setText$0.call(Unknown Source)\r\n\tat 005 Inden Kerja - EFT.run(005 Inden Kerja - EFT:103)\r\n\tat com.kms.katalon.core.main.ScriptEngine.run(ScriptEngine.java:194)\r\n\tat com.kms.katalon.core.main.ScriptEngine.runScriptAsRawText(ScriptEngine.java:119)\r\n\tat com.kms.katalon.core.main.TestCaseExecutor.runScript(TestCaseExecutor.java:331)\r\n\tat com.kms.katalon.core.main.TestCaseExecutor.doExecute(TestCaseExecutor.java:322)\r\n\tat com.kms.katalon.core.main.TestCaseExecutor.processExecutionPhase(TestCaseExecutor.java:301)\r\n\tat com.kms.katalon.core.main.TestCaseExecutor.accessMainPhase(TestCaseExecutor.java:293)\r\n\tat com.kms.katalon.core.main.TestCaseExecutor.execute(TestCaseExecutor.java:227)\r\n\tat com.kms.katalon.core.main.TestSuiteExecutor.accessTestCaseMainPhase(TestSuiteExecutor.java:129)\r\n\tat com.kms.katalon.core.main.TestSuiteExecutor.accessTestSuiteMainPhase(TestSuiteExecutor.java:112)\r\n\tat com.kms.katalon.core.main.TestSuiteExecutor.execute(TestSuiteExecutor.java:81)\r\n\tat com.kms.katalon.core.main.TestCaseMain.startTestSuite(TestCaseMain.java:157)\r\n\tat com.kms.katalon.core.main.TestCaseMain$startTestSuite$0.call(Unknown Source)\r\n\tat TempTestSuite1552448568516.run(TempTestSuite1552448568516.groovy:35)\r\n</message>
  <exception>
    <message>com.kms.katalon.core.exception.StepFailedException: Unable to set text '160080' of object 'Object Repository/Perolehan/002 Penyedia_RekodBaru/005 Rekod Baru Inden Kerja/input_ProgramAktiviti_kod'</message>
    <frame>
      <class>com.kms.katalon.core.keyword.internal.KeywordMain</class>
      <method>stepFailed</method>
      <line>48</line>
    </frame>
    <frame>
      <class>com.kms.katalon.core.webui.keyword.internal.WebUIKeywordMain</class>
      <method>stepFailed</method>
      <line>65</line>
    </frame>
    <frame>
      <class>com.kms.katalon.core.webui.keyword.internal.WebUIKeywordMain</class>
      <method>runKeyword</method>
      <line>27</line>
    </frame>
    <frame>
      <class>com.kms.katalon.core.webui.keyword.builtin.SetTextKeyword</class>
      <method>setText</method>
      <line>65</line>
    </frame>
    <frame>
      <class>com.kms.katalon.core.webui.keyword.builtin.SetTextKeyword</class>
      <method>execute</method>
      <line>37</line>
    </frame>
    <frame>
      <class>com.kms.katalon.core.keyword.internal.KeywordExecutor</class>
      <method>executeKeywordForPlatform</method>
      <line>56</line>
    </frame>
    <frame>
      <class>com.kms.katalon.core.webui.keyword.WebUiBuiltInKeywords</class>
      <method>setText</method>
      <line>950</line>
    </frame>
    <frame>
      <class>com.kms.katalon.core.webui.keyword.WebUiBuiltInKeywords$setText$0</class>
      <method>call</method>
    </frame>
    <frame>
      <class>005 Inden Kerja - EFT</class>
      <method>run</method>
      <line>103</line>
    </frame>
    <frame>
      <class>com.kms.katalon.core.main.ScriptEngine</class>
      <method>run</method>
      <line>194</line>
    </frame>
    <frame>
      <class>com.kms.katalon.core.main.ScriptEngine</class>
      <method>runScriptAsRawText</method>
      <line>119</line>
    </frame>
    <frame>
      <class>com.kms.katalon.core.main.TestCaseExecutor</class>
      <method>runScript</method>
      <line>331</line>
    </frame>
    <frame>
      <class>com.kms.katalon.core.main.TestCaseExecutor</class>
      <method>doExecute</method>
      <line>322</line>
    </frame>
    <frame>
      <class>com.kms.katalon.core.main.TestCaseExecutor</class>
      <method>processExecutionPhase</method>
      <line>301</line>
    </frame>
    <frame>
      <class>com.kms.katalon.core.main.TestCaseExecutor</class>
      <method>accessMainPhase</method>
      <line>293</line>
    </frame>
    <frame>
      <class>com.kms.katalon.core.main.TestCaseExecutor</class>
      <method>execute</method>
      <line>227</line>
    </frame>
    <frame>
      <class>com.kms.katalon.core.main.TestSuiteExecutor</class>
      <method>accessTestCaseMainPhase</method>
      <line>129</line>
    </frame>
    <frame>
      <class>com.kms.katalon.core.main.TestSuiteExecutor</class>
      <method>accessTestSuiteMainPhase</method>
      <line>112</line>
    </frame>
    <frame>
      <class>com.kms.katalon.core.main.TestSuiteExecutor</class>
      <method>execute</method>
      <line>81</line>
    </frame>
    <frame>
      <class>com.kms.katalon.core.main.TestCaseMain</class>
      <method>startTestSuite</method>
      <line>157</line>
    </frame>
    <frame>
      <class>com.kms.katalon.core.main.TestCaseMain$startTestSuite$0</class>
      <method>call</method>
    </frame>
    <frame>
      <class>TempTestSuite1552448568516</class>
      <method>run</method>
      <line>35</line>
    </frame>
  </exception>
  <nestedLevel>0</nestedLevel>
</record>
<record>
  <date>2019-03-13T11:44:09</date>
  <millis>1552448649619</millis>
  <sequence>414</sequence>
  <level>END</level>
  <class>com.kms.katalon.core.logging.XmlKeywordLogger</class>
  <method>endTest</method>
  <thread>1</thread>
  <message>End Test Case : Test Cases/Perolehan/002 Rekod Baru oleh Penyedia/005 Inden Kerja - EFT</message>
  <nestedLevel>0</nestedLevel>
</record>
<record>
  <date>2019-03-13T11:44:09</date>
  <millis>1552448649621</millis>
  <sequence>415</sequence>
  <level>START</level>
  <class>com.kms.katalon.core.logging.XmlKeywordLogger</class>
  <method>startTest</method>
  <thread>1</thread>
  <message>Start Test Case : Test Cases/Perolehan/003 Pengesahan Pesanan Tempatan/Pengesahan</message>
  <nestedLevel>1</nestedLevel>
  <property name="name">Test Cases/Perolehan/003 Pengesahan Pesanan Tempatan/Pengesahan</property>
  <property name="description">Penyemak will access the dashboard and semak record</property>
  <property name="id">Test Cases/Perolehan/003 Pengesahan Pesanan Tempatan/Pengesahan</property>
  <property name="source">C:\\Users\\Consultant_MSPHitect\\Katalon Studio\\TrainingonKatalon\\Test Cases\\Perolehan\\003 Pengesahan Pesanan Tempatan\\Pengesahan.tc</property>
  <property name="isOptional">false</property>
</record>
<record>
  <date>2019-03-13T11:44:09</date>
  <millis>1552448649798</millis>
  <sequence>417</sequence>
  <level>START</level>
  <class>com.kms.katalon.core.logging.XmlKeywordLogger</class>
  <method>startKeyword</method>
  <thread>1</thread>
  <message>Start action : reusablefunctions.reusablefunctions.openbrowser()</message>
  <nestedLevel>1</nestedLevel>
  <property name="startLine">17</property>
  <property name="stepIndex">1</property>
  <property name="description">Open browser</property>
</record>
<record>
  <date>2019-03-13T11:44:09</date>
  <millis>1552448649805</millis>
  <sequence>419</sequence>
  <level>WARNING</level>
  <class>com.kms.katalon.core.logging.XmlKeywordLogger</class>
  <method>logMessage</method>
  <thread>1</thread>
  <message>A browser is already opened. Closing browser and opening a new one</message>
  <nestedLevel>1</nestedLevel>
</record>
<record>
  <date>2019-03-13T11:44:10</date>
  <millis>1552448650461</millis>
  <sequence>420</sequence>
  <level>INFO</level>
  <class>com.kms.katalon.core.logging.XmlKeywordLogger</class>
  <method>logMessage</method>
  <thread>1</thread>
  <message>Starting &amp;apos;Chrome&amp;apos; driver</message>
  <nestedLevel>1</nestedLevel>
</record>
<record>
  <date>2019-03-13T11:44:12</date>
  <millis>1552448652570</millis>
  <sequence>422</sequence>
  <level>RUN_DATA</level>
  <class>com.kms.katalon.core.logging.XmlKeywordLogger</class>
  <method>logMessage</method>
  <thread>1</thread>
  <message>sessionId = 09ac08ec7d730bb212b07f3b5f8f0164</message>
  <nestedLevel>1</nestedLevel>
  <property name="sessionId">09ac08ec7d730bb212b07f3b5f8f0164</property>
</record>
<record>
  <date>2019-03-13T11:44:12</date>
  <millis>1552448652617</millis>
  <sequence>423</sequence>
  <level>RUN_DATA</level>
  <class>com.kms.katalon.core.logging.XmlKeywordLogger</class>
  <method>logMessage</method>
  <thread>1</thread>
  <message>browser = Chrome 72.0.3626.121</message>
  <nestedLevel>1</nestedLevel>
  <property name="browser">Chrome 72.0.3626.121</property>
</record>
<record>
  <date>2019-03-13T11:44:12</date>
  <millis>1552448652618</millis>
  <sequence>424</sequence>
  <level>RUN_DATA</level>
  <class>com.kms.katalon.core.logging.XmlKeywordLogger</class>
  <method>logMessage</method>
  <thread>1</thread>
  <message>platform = Windows 10</message>
  <nestedLevel>1</nestedLevel>
  <property name="platform">Windows 10</property>
</record>
<record>
  <date>2019-03-13T11:44:12</date>
  <millis>1552448652618</millis>
  <sequence>425</sequence>
  <level>RUN_DATA</level>
  <class>com.kms.katalon.core.logging.XmlKeywordLogger</class>
  <method>logMessage</method>
  <thread>1</thread>
  <message>seleniumVersion = 3.7.1</message>
  <nestedLevel>1</nestedLevel>
  <property name="seleniumVersion">3.7.1</property>
</record>
<record>
  <date>2019-03-13T11:44:12</date>
  <millis>1552448652618</millis>
  <sequence>426</sequence>
  <level>RUN_DATA</level>
  <class>com.kms.katalon.core.logging.XmlKeywordLogger</class>
  <method>logMessage</method>
  <thread>1</thread>
  <message>proxyInformation = ProxyInformation{proxyOption=NO_PROXY, proxyServerType=HTTP, password=, proxyServerAddress=, proxyServerPort=0}</message>
  <nestedLevel>1</nestedLevel>
  <property name="proxyInformation">ProxyInformation{proxyOption=NO_PROXY, proxyServerType=HTTP, password=, proxyServerAddress=, proxyServerPort=0}</property>
</record>
<record>
  <date>2019-03-13T11:44:13</date>
  <millis>1552448653350</millis>
  <sequence>428</sequence>
  <level>PASSED</level>
  <class>com.kms.katalon.core.logging.XmlKeywordLogger</class>
  <method>logMessage</method>
  <thread>1</thread>
  <message>Browser is opened with url: &amp;apos;https://175.143.52.101:7011/1SPEKSv2/&amp;apos;</message>
  <nestedLevel>1</nestedLevel>
</record>
<record>
  <date>2019-03-13T11:44:13</date>
  <millis>1552448653351</millis>
  <sequence>429</sequence>
  <level>PASSED</level>
  <class>com.kms.katalon.core.logging.XmlKeywordLogger</class>
  <method>logMessage</method>
  <thread>1</thread>
  <message>reusablefunctions.reusablefunctions.openbrowser is PASSED</message>
  <nestedLevel>1</nestedLevel>
</record>
<record>
  <date>2019-03-13T11:44:13</date>
  <millis>1552448653352</millis>
  <sequence>430</sequence>
  <level>END</level>
  <class>com.kms.katalon.core.logging.XmlKeywordLogger</class>
  <method>endKeyword</method>
  <thread>1</thread>
  <message>End action : reusablefunctions.reusablefunctions.openbrowser()</message>
  <nestedLevel>1</nestedLevel>
</record>
<record>
  <date>2019-03-13T11:44:13</date>
  <millis>1552448653352</millis>
  <sequence>431</sequence>
  <level>START</level>
  <class>com.kms.katalon.core.logging.XmlKeywordLogger</class>
  <method>startKeyword</method>
  <thread>1</thread>
  <message>Start action : reusablefunctions.reusablefunctions.Login(findTestData(\&amp;quot;ispekstestdata\&amp;quot;).getValue(1, 2), findTestData(\&amp;quot;ispekstestdata\&amp;quot;).getValue(2, 2))</message>
  <nestedLevel>1</nestedLevel>
  <property name="startLine">20</property>
  <property name="stepIndex">2</property>
  <property name="description">Login into the system</property>
</record>
<record>
  <date>2019-03-13T11:44:13</date>
  <millis>1552448653534</millis>
  <sequence>451</sequence>
  <level>PASSED</level>
  <class>com.kms.katalon.core.logging.XmlKeywordLogger</class>
  <method>logMessage</method>
  <thread>1</thread>
  <message>Text &amp;apos;601101955194&amp;apos; is set on object &amp;apos;Object Repository/Login/input_NoKadPengenalan&amp;apos;</message>
  <nestedLevel>1</nestedLevel>
</record>
<record>
  <date>2019-03-13T11:44:13</date>
  <millis>1552448653626</millis>
  <sequence>460</sequence>
  <level>PASSED</level>
  <class>com.kms.katalon.core.logging.XmlKeywordLogger</class>
  <method>logMessage</method>
  <thread>1</thread>
  <message>Text ****** has been set on object &amp;apos;Object Repository/Login/input_Password&amp;apos;</message>
  <nestedLevel>1</nestedLevel>
</record>
<record>
  <date>2019-03-13T11:44:18</date>
  <millis>1552448658896</millis>
  <sequence>467</sequence>
  <level>PASSED</level>
  <class>com.kms.katalon.core.logging.XmlKeywordLogger</class>
  <method>logMessage</method>
  <thread>1</thread>
  <message>Object: &amp;apos;Object Repository/Login/input_ButtonLogMasuk&amp;apos; is clicked on</message>
  <nestedLevel>1</nestedLevel>
</record>
<record>
  <date>2019-03-13T11:44:28</date>
  <millis>1552448668899</millis>
  <sequence>469</sequence>
  <level>PASSED</level>
  <class>com.kms.katalon.core.logging.XmlKeywordLogger</class>
  <method>logMessage</method>
  <thread>1</thread>
  <message>Delayed 10 second(s)</message>
  <nestedLevel>1</nestedLevel>
</record>
<record>
  <date>2019-03-13T11:44:28</date>
  <millis>1552448668901</millis>
  <sequence>470</sequence>
  <level>PASSED</level>
  <class>com.kms.katalon.core.logging.XmlKeywordLogger</class>
  <method>logMessage</method>
  <thread>1</thread>
  <message>reusablefunctions.reusablefunctions.Login is PASSED</message>
  <nestedLevel>1</nestedLevel>
</record>
<record>
  <date>2019-03-13T11:44:28</date>
  <millis>1552448668903</millis>
  <sequence>471</sequence>
  <level>END</level>
  <class>com.kms.katalon.core.logging.XmlKeywordLogger</class>
  <method>endKeyword</method>
  <thread>1</thread>
  <message>End action : reusablefunctions.reusablefunctions.Login(findTestData(\&amp;quot;ispekstestdata\&amp;quot;).getValue(1, 2), findTestData(\&amp;quot;ispekstestdata\&amp;quot;).getValue(2, 2))</message>
  <nestedLevel>1</nestedLevel>
</record>
<record>
  <date>2019-03-13T11:44:28</date>
  <millis>1552448668903</millis>
  <sequence>472</sequence>
  <level>START</level>
  <class>com.kms.katalon.core.logging.XmlKeywordLogger</class>
  <method>startKeyword</method>
  <thread>1</thread>
  <message>Start action : reusablefunctions.reusablefunctions.PerananPengesahBN()</message>
  <nestedLevel>1</nestedLevel>
  <property name="startLine">24</property>
  <property name="stepIndex">3</property>
  <property name="description">Change Peranan to Pengesah BN</property>
</record>
<record>
  <date>2019-03-13T11:44:28</date>
  <millis>1552448668989</millis>
  <sequence>479</sequence>
  <level>PASSED</level>
  <class>com.kms.katalon.core.logging.XmlKeywordLogger</class>
  <method>logMessage</method>
  <thread>1</thread>
  <message>Object: &amp;apos;Object Repository/Perolehan/TukarPeranan/IconTukarPeranan&amp;apos; is clicked on</message>
  <nestedLevel>1</nestedLevel>
</record>
<record>
  <date>2019-03-13T11:44:29</date>
  <millis>1552448669084</millis>
  <sequence>486</sequence>
  <level>PASSED</level>
  <class>com.kms.katalon.core.logging.XmlKeywordLogger</class>
  <method>logMessage</method>
  <thread>1</thread>
  <message>Object: &amp;apos;Object Repository/Perolehan/TukarPeranan/input_TukarPengesahBN&amp;apos; is clicked on</message>
  <nestedLevel>1</nestedLevel>
</record>
<record>
  <date>2019-03-13T11:44:29</date>
  <millis>1552448669157</millis>
  <sequence>493</sequence>
  <level>PASSED</level>
  <class>com.kms.katalon.core.logging.XmlKeywordLogger</class>
  <method>logMessage</method>
  <thread>1</thread>
  <message>Object: &amp;apos;Object Repository/Perolehan/TukarPeranan/button_Ya&amp;apos; is clicked on</message>
  <nestedLevel>1</nestedLevel>
</record>
<record>
  <date>2019-03-13T11:44:49</date>
  <millis>1552448689158</millis>
  <sequence>495</sequence>
  <level>PASSED</level>
  <class>com.kms.katalon.core.logging.XmlKeywordLogger</class>
  <method>logMessage</method>
  <thread>1</thread>
  <message>Delayed 20 second(s)</message>
  <nestedLevel>1</nestedLevel>
</record>
<record>
  <date>2019-03-13T11:44:51</date>
  <millis>1552448691718</millis>
  <sequence>498</sequence>
  <level>PASSED</level>
  <class>com.kms.katalon.core.logging.XmlKeywordLogger</class>
  <method>logMessage</method>
  <thread>1</thread>
  <message>Text &amp;apos;Peranan : [Pengesah] Peringkat : [BN]&amp;apos; is present on page </message>
  <nestedLevel>1</nestedLevel>
</record>
<record>
  <date>2019-03-13T11:44:51</date>
  <millis>1552448691719</millis>
  <sequence>499</sequence>
  <level>PASSED</level>
  <class>com.kms.katalon.core.logging.XmlKeywordLogger</class>
  <method>logMessage</method>
  <thread>1</thread>
  <message>reusablefunctions.reusablefunctions.PerananPengesahBN is PASSED</message>
  <nestedLevel>1</nestedLevel>
</record>
<record>
  <date>2019-03-13T11:44:51</date>
  <millis>1552448691719</millis>
  <sequence>500</sequence>
  <level>END</level>
  <class>com.kms.katalon.core.logging.XmlKeywordLogger</class>
  <method>endKeyword</method>
  <thread>1</thread>
  <message>End action : reusablefunctions.reusablefunctions.PerananPengesahBN()</message>
  <nestedLevel>1</nestedLevel>
</record>
<record>
  <date>2019-03-13T11:44:51</date>
  <millis>1552448691719</millis>
  <sequence>501</sequence>
  <level>START</level>
  <class>com.kms.katalon.core.logging.XmlKeywordLogger</class>
  <method>startKeyword</method>
  <thread>1</thread>
  <message>Start action : doubleClick(findTestObject(\&amp;quot;Perolehan/003 Pengesah/Dashboard_To_Sah\&amp;quot;))</message>
  <nestedLevel>1</nestedLevel>
  <property name="startLine">27</property>
  <property name="stepIndex">4</property>
  <property name="description">Select Pesanan Tempatan - Jumlah untuk disahkan from Dashboard</property>
</record>
<record>
  <date>2019-03-13T11:44:52</date>
  <millis>1552448692127</millis>
  <sequence>508</sequence>
  <level>PASSED</level>
  <class>com.kms.katalon.core.logging.XmlKeywordLogger</class>
  <method>logMessage</method>
  <thread>1</thread>
  <message>Object: &amp;apos;Object Repository/Perolehan/003 Pengesah/Dashboard_To_Sah&amp;apos; is double clicked on</message>
  <nestedLevel>1</nestedLevel>
</record>
<record>
  <date>2019-03-13T11:44:52</date>
  <millis>1552448692127</millis>
  <sequence>509</sequence>
  <level>END</level>
  <class>com.kms.katalon.core.logging.XmlKeywordLogger</class>
  <method>endKeyword</method>
  <thread>1</thread>
  <message>End action : doubleClick(findTestObject(\&amp;quot;Perolehan/003 Pengesah/Dashboard_To_Sah\&amp;quot;))</message>
  <nestedLevel>1</nestedLevel>
</record>
<record>
  <date>2019-03-13T11:44:52</date>
  <millis>1552448692128</millis>
  <sequence>510</sequence>
  <level>START</level>
  <class>com.kms.katalon.core.logging.XmlKeywordLogger</class>
  <method>startKeyword</method>
  <thread>1</thread>
  <message>Start action : delay(3)</message>
  <nestedLevel>1</nestedLevel>
  <property name="startLine">29</property>
  <property name="stepIndex">5</property>
</record>
<record>
  <date>2019-03-13T11:44:55</date>
  <millis>1552448695130</millis>
  <sequence>512</sequence>
  <level>PASSED</level>
  <class>com.kms.katalon.core.logging.XmlKeywordLogger</class>
  <method>logMessage</method>
  <thread>1</thread>
  <message>Delayed 3 second(s)</message>
  <nestedLevel>1</nestedLevel>
</record>
<record>
  <date>2019-03-13T11:44:55</date>
  <millis>1552448695131</millis>
  <sequence>513</sequence>
  <level>END</level>
  <class>com.kms.katalon.core.logging.XmlKeywordLogger</class>
  <method>endKeyword</method>
  <thread>1</thread>
  <message>End action : delay(3)</message>
  <nestedLevel>1</nestedLevel>
</record>
<record>
  <date>2019-03-13T11:44:55</date>
  <millis>1552448695132</millis>
  <sequence>514</sequence>
  <level>START</level>
  <class>com.kms.katalon.core.logging.XmlKeywordLogger</class>
  <method>startKeyword</method>
  <thread>1</thread>
  <message>Start action : setText(findTestObject(\&amp;quot;Perolehan/003 Pengesah/input_No_Rekod\&amp;quot;), PesananTempatanRekodID)</message>
  <nestedLevel>1</nestedLevel>
  <property name="startLine">31</property>
  <property name="stepIndex">6</property>
</record>
<record>
  <date>2019-03-13T11:44:55</date>
  <millis>1552448695611</millis>
  <sequence>526</sequence>
  <level>PASSED</level>
  <class>com.kms.katalon.core.logging.XmlKeywordLogger</class>
  <method>logMessage</method>
  <thread>1</thread>
  <message>Text &amp;apos;19DAIK030100043&amp;apos; is set on object &amp;apos;Object Repository/Perolehan/003 Pengesah/input_No_Rekod&amp;apos;</message>
  <nestedLevel>1</nestedLevel>
</record>
<record>
  <date>2019-03-13T11:44:55</date>
  <millis>1552448695612</millis>
  <sequence>527</sequence>
  <level>END</level>
  <class>com.kms.katalon.core.logging.XmlKeywordLogger</class>
  <method>endKeyword</method>
  <thread>1</thread>
  <message>End action : setText(findTestObject(\&amp;quot;Perolehan/003 Pengesah/input_No_Rekod\&amp;quot;), PesananTempatanRekodID)</message>
  <nestedLevel>1</nestedLevel>
</record>
<record>
  <date>2019-03-13T11:44:55</date>
  <millis>1552448695612</millis>
  <sequence>528</sequence>
  <level>START</level>
  <class>com.kms.katalon.core.logging.XmlKeywordLogger</class>
  <method>startKeyword</method>
  <thread>1</thread>
  <message>Start action : doubleClick(findTestObject(\&amp;quot;Perolehan/003 Pengesah/Senarai_Tugas_Item_No_1\&amp;quot;, [\&amp;quot;text\&amp;quot;:PesananTempatanRekodID]))</message>
  <nestedLevel>1</nestedLevel>
  <property name="startLine">34</property>
  <property name="stepIndex">7</property>
  <property name="description">Select first row from the list of Senarai Tugas</property>
</record>
