<?xml version="1.0" encoding="UTF-8" standalone="no"?>
<!DOCTYPE log SYSTEM "logger.dtd">
<log>
<record>
  <date>2019-04-04T13:22:11</date>
  <millis>1554355331045</millis>
  <sequence>0</sequence>
  <level>START</level>
  <class>com.kms.katalon.core.logging.XmlKeywordLogger</class>
  <method>startSuite</method>
  <thread>1</thread>
  <message>Start Test Suite : Test Suites/Perolehan/Pesanan Tempatan - CEK - Perak</message>
  <nestedLevel>0</nestedLevel>
  <property name="name">Pesanan Tempatan - CEK - Perak</property>
  <property name="description"></property>
  <property name="id">Test Suites/Perolehan/Pesanan Tempatan - CEK - Perak</property>
</record>
<record>
  <date>2019-04-04T13:22:11</date>
  <millis>1554355331058</millis>
  <sequence>1</sequence>
  <level>RUN_DATA</level>
  <class>com.kms.katalon.core.logging.XmlKeywordLogger</class>
  <method>logMessage</method>
  <thread>1</thread>
  <message>hostName = Consultant_MSPHitect - DESKTOP-V9TS2EM</message>
  <nestedLevel>0</nestedLevel>
  <property name="hostName">Consultant_MSPHitect - DESKTOP-V9TS2EM</property>
</record>
<record>
  <date>2019-04-04T13:22:11</date>
  <millis>1554355331058</millis>
  <sequence>2</sequence>
  <level>RUN_DATA</level>
  <class>com.kms.katalon.core.logging.XmlKeywordLogger</class>
  <method>logMessage</method>
  <thread>1</thread>
  <message>os = Windows 10 64bit</message>
  <nestedLevel>0</nestedLevel>
  <property name="os">Windows 10 64bit</property>
</record>
<record>
  <date>2019-04-04T13:22:11</date>
  <millis>1554355331059</millis>
  <sequence>3</sequence>
  <level>RUN_DATA</level>
  <class>com.kms.katalon.core.logging.XmlKeywordLogger</class>
  <method>logMessage</method>
  <thread>1</thread>
  <message>hostAddress = 192.168.172.132</message>
  <nestedLevel>0</nestedLevel>
  <property name="hostAddress">192.168.172.132</property>
</record>
<record>
  <date>2019-04-04T13:22:11</date>
  <millis>1554355331059</millis>
  <sequence>4</sequence>
  <level>RUN_DATA</level>
  <class>com.kms.katalon.core.logging.XmlKeywordLogger</class>
  <method>logMessage</method>
  <thread>1</thread>
  <message>katalonVersion = 6.1.0.1</message>
  <nestedLevel>0</nestedLevel>
  <property name="katalonVersion">6.1.0.1</property>
</record>
<record>
  <date>2019-04-04T13:22:11</date>
  <millis>1554355331300</millis>
  <sequence>5</sequence>
  <level>START</level>
  <class>com.kms.katalon.core.logging.XmlKeywordLogger</class>
  <method>startTest</method>
  <thread>1</thread>
  <message>Start Test Case : Test Cases/Perolehan/002 Rekod Baru oleh Penyedia/008 Penyedia Rekod Baru - CEK</message>
  <nestedLevel>1</nestedLevel>
  <property name="name">Test Cases/Perolehan/002 Rekod Baru oleh Penyedia/008 Penyedia Rekod Baru - CEK</property>
  <property name="description">this is a test case to create REKOD BARU for Pesanan Tempatan for 7011 env</property>
  <property name="id">Test Cases/Perolehan/002 Rekod Baru oleh Penyedia/008 Penyedia Rekod Baru - CEK</property>
  <property name="source">C:\\Users\\Consultant_MSPHitect\\Katalon Studio\\TrainingonKatalon\\Test Cases\\Perolehan\\002 Rekod Baru oleh Penyedia\\008 Penyedia Rekod Baru - CEK.tc</property>
  <property name="isOptional">false</property>
</record>
<record>
  <date>2019-04-04T13:22:11</date>
  <millis>1554355331861</millis>
  <sequence>7</sequence>
  <level>START</level>
  <class>com.kms.katalon.core.logging.XmlKeywordLogger</class>
  <method>startKeyword</method>
  <thread>1</thread>
  <message>Start action : callTestCase(findTestCase(\&amp;quot;Perolehan/001 Left Menu Selection/Select Menu Pesanan Tempatan\&amp;quot;), [:], STOP_ON_FAILURE)</message>
  <nestedLevel>1</nestedLevel>
  <property name="startLine">18</property>
  <property name="stepIndex">1</property>
</record>
<record>
  <date>2019-04-04T13:22:11</date>
  <millis>1554355331995</millis>
  <sequence>10</sequence>
  <level>START</level>
  <class>com.kms.katalon.core.logging.XmlKeywordLogger</class>
  <method>startTest</method>
  <thread>1</thread>
  <message>Start Test Case : Test Cases/Perolehan/001 Left Menu Selection/Select Menu Pesanan Tempatan</message>
  <nestedLevel>2</nestedLevel>
  <property name="name">Test Cases/Perolehan/001 Left Menu Selection/Select Menu Pesanan Tempatan</property>
  <property name="description">Select Perolehan and then select Pesanan Tempatan</property>
  <property name="id">Test Cases/Perolehan/001 Left Menu Selection/Select Menu Pesanan Tempatan</property>
  <property name="source">C:\\Users\\Consultant_MSPHitect\\Katalon Studio\\TrainingonKatalon\\Test Cases\\Perolehan\\001 Left Menu Selection\\Select Menu Pesanan Tempatan.tc</property>
  <property name="isOptional">false</property>
</record>
<record>
  <date>2019-04-04T13:22:12</date>
  <millis>1554355332247</millis>
  <sequence>12</sequence>
  <level>START</level>
  <class>com.kms.katalon.core.logging.XmlKeywordLogger</class>
  <method>startKeyword</method>
  <thread>1</thread>
  <message>Start action : openBrowser(\&amp;quot;\&amp;quot;)</message>
  <nestedLevel>1</nestedLevel>
  <property name="startLine">19</property>
  <property name="stepIndex">1</property>
  <property name="description">open browser</property>
</record>
<record>
  <date>2019-04-04T13:22:12</date>
  <millis>1554355332468</millis>
  <sequence>14</sequence>
  <level>INFO</level>
  <class>com.kms.katalon.core.logging.XmlKeywordLogger</class>
  <method>logMessage</method>
  <thread>1</thread>
  <message>Starting &amp;apos;Chrome&amp;apos; driver</message>
  <nestedLevel>2</nestedLevel>
</record>
<record>
  <date>2019-04-04T13:22:12</date>
  <millis>1554355332509</millis>
  <sequence>15</sequence>
  <level>INFO</level>
  <class>com.kms.katalon.core.logging.XmlKeywordLogger</class>
  <method>logMessage</method>
  <thread>1</thread>
  <message>Action delay is set to 0 seconds</message>
  <nestedLevel>2</nestedLevel>
</record>
<record>
  <date>2019-04-04T13:22:15</date>
  <millis>1554355335419</millis>
  <sequence>17</sequence>
  <level>RUN_DATA</level>
  <class>com.kms.katalon.core.logging.XmlKeywordLogger</class>
  <method>logMessage</method>
  <thread>1</thread>
  <message>sessionId = 15f88e7dfa5f840151e2607fb3554175</message>
  <nestedLevel>2</nestedLevel>
  <property name="sessionId">15f88e7dfa5f840151e2607fb3554175</property>
</record>
<record>
  <date>2019-04-04T13:22:15</date>
  <millis>1554355335449</millis>
  <sequence>18</sequence>
  <level>RUN_DATA</level>
  <class>com.kms.katalon.core.logging.XmlKeywordLogger</class>
  <method>logMessage</method>
  <thread>1</thread>
  <message>browser = Chrome 73.0.3683.86</message>
  <nestedLevel>2</nestedLevel>
  <property name="browser">Chrome 73.0.3683.86</property>
</record>
<record>
  <date>2019-04-04T13:22:15</date>
  <millis>1554355335450</millis>
  <sequence>19</sequence>
  <level>RUN_DATA</level>
  <class>com.kms.katalon.core.logging.XmlKeywordLogger</class>
  <method>logMessage</method>
  <thread>1</thread>
  <message>platform = Windows 10</message>
  <nestedLevel>2</nestedLevel>
  <property name="platform">Windows 10</property>
</record>
<record>
  <date>2019-04-04T13:22:15</date>
  <millis>1554355335453</millis>
  <sequence>20</sequence>
  <level>RUN_DATA</level>
  <class>com.kms.katalon.core.logging.XmlKeywordLogger</class>
  <method>logMessage</method>
  <thread>1</thread>
  <message>seleniumVersion = 3.7.1</message>
  <nestedLevel>2</nestedLevel>
  <property name="seleniumVersion">3.7.1</property>
</record>
<record>
  <date>2019-04-04T13:22:15</date>
  <millis>1554355335454</millis>
  <sequence>21</sequence>
  <level>RUN_DATA</level>
  <class>com.kms.katalon.core.logging.XmlKeywordLogger</class>
  <method>logMessage</method>
  <thread>1</thread>
  <message>proxyInformation = ProxyInformation{proxyOption=NO_PROXY, proxyServerType=HTTP, password=, proxyServerAddress=, proxyServerPort=0}</message>
  <nestedLevel>2</nestedLevel>
  <property name="proxyInformation">ProxyInformation{proxyOption=NO_PROXY, proxyServerType=HTTP, password=, proxyServerAddress=, proxyServerPort=0}</property>
</record>
<record>
  <date>2019-04-04T13:22:15</date>
  <millis>1554355335454</millis>
  <sequence>22</sequence>
  <level>PASSED</level>
  <class>com.kms.katalon.core.logging.XmlKeywordLogger</class>
  <method>logMessage</method>
  <thread>1</thread>
  <message>Browser is opened with url: &amp;apos;&amp;apos;</message>
  <nestedLevel>2</nestedLevel>
</record>
<record>
  <date>2019-04-04T13:22:15</date>
  <millis>1554355335455</millis>
  <sequence>23</sequence>
  <level>END</level>
  <class>com.kms.katalon.core.logging.XmlKeywordLogger</class>
  <method>endKeyword</method>
  <thread>1</thread>
  <message>End action : openBrowser(\&amp;quot;\&amp;quot;)</message>
  <nestedLevel>1</nestedLevel>
</record>
<record>
  <date>2019-04-04T13:22:15</date>
  <millis>1554355335455</millis>
  <sequence>24</sequence>
  <level>START</level>
  <class>com.kms.katalon.core.logging.XmlKeywordLogger</class>
  <method>startKeyword</method>
  <thread>1</thread>
  <message>Start action : navigateToUrl(URL_Homepage)</message>
  <nestedLevel>1</nestedLevel>
  <property name="startLine">22</property>
  <property name="stepIndex">2</property>
  <property name="description">input ispek URL</property>
</record>
<record>
  <date>2019-04-04T13:22:18</date>
  <millis>1554355338040</millis>
  <sequence>43</sequence>
  <level>PASSED</level>
  <class>com.kms.katalon.core.logging.XmlKeywordLogger</class>
  <method>logMessage</method>
  <thread>1</thread>
  <message>Navigate to &amp;apos;http://175.143.52.101:7010/1SPEKSv2/&amp;apos; successfully</message>
  <nestedLevel>2</nestedLevel>
</record>
<record>
  <date>2019-04-04T13:22:18</date>
  <millis>1554355338041</millis>
  <sequence>44</sequence>
  <level>END</level>
  <class>com.kms.katalon.core.logging.XmlKeywordLogger</class>
  <method>endKeyword</method>
  <thread>1</thread>
  <message>End action : navigateToUrl(URL_Homepage)</message>
  <nestedLevel>1</nestedLevel>
</record>
<record>
  <date>2019-04-04T13:22:18</date>
  <millis>1554355338041</millis>
  <sequence>45</sequence>
  <level>START</level>
  <class>com.kms.katalon.core.logging.XmlKeywordLogger</class>
  <method>startKeyword</method>
  <thread>1</thread>
  <message>Start action : setText(findTestObject(\&amp;quot;Login/input_NoKadPengenalan\&amp;quot;), PenyediaPTJ)</message>
  <nestedLevel>1</nestedLevel>
  <property name="startLine">25</property>
  <property name="stepIndex">3</property>
  <property name="description">Input User Name</property>
</record>
<record>
  <date>2019-04-04T13:22:18</date>
  <millis>1554355338194</millis>
  <sequence>57</sequence>
  <level>PASSED</level>
  <class>com.kms.katalon.core.logging.XmlKeywordLogger</class>
  <method>logMessage</method>
  <thread>1</thread>
  <message>Text &amp;apos;810213016116&amp;apos; is set on object &amp;apos;Object Repository/Login/input_NoKadPengenalan&amp;apos;</message>
  <nestedLevel>2</nestedLevel>
</record>
<record>
  <date>2019-04-04T13:22:18</date>
  <millis>1554355338194</millis>
  <sequence>58</sequence>
  <level>END</level>
  <class>com.kms.katalon.core.logging.XmlKeywordLogger</class>
  <method>endKeyword</method>
  <thread>1</thread>
  <message>End action : setText(findTestObject(\&amp;quot;Login/input_NoKadPengenalan\&amp;quot;), PenyediaPTJ)</message>
  <nestedLevel>1</nestedLevel>
</record>
<record>
  <date>2019-04-04T13:22:18</date>
  <millis>1554355338195</millis>
  <sequence>59</sequence>
  <level>START</level>
  <class>com.kms.katalon.core.logging.XmlKeywordLogger</class>
  <method>startKeyword</method>
  <thread>1</thread>
  <message>Start action : setEncryptedText(findTestObject(\&amp;quot;Login/input_Password\&amp;quot;), findTestData(\&amp;quot;ispekstestdata\&amp;quot;).getValue(2, 4))</message>
  <nestedLevel>1</nestedLevel>
  <property name="startLine">28</property>
  <property name="stepIndex">4</property>
  <property name="description">Input Password</property>
</record>
<record>
  <date>2019-04-04T13:22:18</date>
  <millis>1554355338344</millis>
  <sequence>72</sequence>
  <level>PASSED</level>
  <class>com.kms.katalon.core.logging.XmlKeywordLogger</class>
  <method>logMessage</method>
  <thread>1</thread>
  <message>Text ****** has been set on object &amp;apos;Object Repository/Login/input_Password&amp;apos;</message>
  <nestedLevel>2</nestedLevel>
</record>
<record>
  <date>2019-04-04T13:22:18</date>
  <millis>1554355338345</millis>
  <sequence>73</sequence>
  <level>END</level>
  <class>com.kms.katalon.core.logging.XmlKeywordLogger</class>
  <method>endKeyword</method>
  <thread>1</thread>
  <message>End action : setEncryptedText(findTestObject(\&amp;quot;Login/input_Password\&amp;quot;), findTestData(\&amp;quot;ispekstestdata\&amp;quot;).getValue(2, 4))</message>
  <nestedLevel>1</nestedLevel>
</record>
<record>
  <date>2019-04-04T13:22:18</date>
  <millis>1554355338345</millis>
  <sequence>74</sequence>
  <level>START</level>
  <class>com.kms.katalon.core.logging.XmlKeywordLogger</class>
  <method>startKeyword</method>
  <thread>1</thread>
  <message>Start action : click(findTestObject(\&amp;quot;Login/input_ButtonLogMasuk\&amp;quot;))</message>
  <nestedLevel>1</nestedLevel>
  <property name="startLine">31</property>
  <property name="stepIndex">5</property>
  <property name="description">Click on Log Masuk button</property>
</record>
<record>
  <date>2019-04-04T13:22:21</date>
  <millis>1554355341563</millis>
  <sequence>81</sequence>
  <level>PASSED</level>
  <class>com.kms.katalon.core.logging.XmlKeywordLogger</class>
  <method>logMessage</method>
  <thread>1</thread>
  <message>Object: &amp;apos;Object Repository/Login/input_ButtonLogMasuk&amp;apos; is clicked on</message>
  <nestedLevel>2</nestedLevel>
</record>
<record>
  <date>2019-04-04T13:22:21</date>
  <millis>1554355341564</millis>
  <sequence>82</sequence>
  <level>END</level>
  <class>com.kms.katalon.core.logging.XmlKeywordLogger</class>
  <method>endKeyword</method>
  <thread>1</thread>
  <message>End action : click(findTestObject(\&amp;quot;Login/input_ButtonLogMasuk\&amp;quot;))</message>
  <nestedLevel>1</nestedLevel>
</record>
<record>
  <date>2019-04-04T13:22:21</date>
  <millis>1554355341564</millis>
  <sequence>83</sequence>
  <level>START</level>
  <class>com.kms.katalon.core.logging.XmlKeywordLogger</class>
  <method>startKeyword</method>
  <thread>1</thread>
  <message>Start action : delay(5)</message>
  <nestedLevel>1</nestedLevel>
  <property name="startLine">34</property>
  <property name="stepIndex">6</property>
  <property name="description">Delay</property>
</record>
<record>
  <date>2019-04-04T13:22:26</date>
  <millis>1554355346574</millis>
  <sequence>85</sequence>
  <level>PASSED</level>
  <class>com.kms.katalon.core.logging.XmlKeywordLogger</class>
  <method>logMessage</method>
  <thread>1</thread>
  <message>Delayed 5 second(s)</message>
  <nestedLevel>2</nestedLevel>
</record>
<record>
  <date>2019-04-04T13:22:26</date>
  <millis>1554355346576</millis>
  <sequence>86</sequence>
  <level>END</level>
  <class>com.kms.katalon.core.logging.XmlKeywordLogger</class>
  <method>endKeyword</method>
  <thread>1</thread>
  <message>End action : delay(5)</message>
  <nestedLevel>1</nestedLevel>
</record>
<record>
  <date>2019-04-04T13:22:26</date>
  <millis>1554355346576</millis>
  <sequence>87</sequence>
  <level>START</level>
  <class>com.kms.katalon.core.logging.XmlKeywordLogger</class>
  <method>startKeyword</method>
  <thread>1</thread>
  <message>Start action : click(findTestObject(\&amp;quot;Perolehan/TukarPeranan/IconTukarPeranan\&amp;quot;))</message>
  <nestedLevel>1</nestedLevel>
  <property name="startLine">37</property>
  <property name="stepIndex">7</property>
  <property name="description">Click on icon Tukar Peranan</property>
</record>
<record>
  <date>2019-04-04T13:22:26</date>
  <millis>1554355346648</millis>
  <sequence>94</sequence>
  <level>PASSED</level>
  <class>com.kms.katalon.core.logging.XmlKeywordLogger</class>
  <method>logMessage</method>
  <thread>1</thread>
  <message>Object: &amp;apos;Object Repository/Perolehan/TukarPeranan/IconTukarPeranan&amp;apos; is clicked on</message>
  <nestedLevel>2</nestedLevel>
</record>
<record>
  <date>2019-04-04T13:22:26</date>
  <millis>1554355346649</millis>
  <sequence>95</sequence>
  <level>END</level>
  <class>com.kms.katalon.core.logging.XmlKeywordLogger</class>
  <method>endKeyword</method>
  <thread>1</thread>
  <message>End action : click(findTestObject(\&amp;quot;Perolehan/TukarPeranan/IconTukarPeranan\&amp;quot;))</message>
  <nestedLevel>1</nestedLevel>
</record>
<record>
  <date>2019-04-04T13:22:26</date>
  <millis>1554355346649</millis>
  <sequence>96</sequence>
  <level>START</level>
  <class>com.kms.katalon.core.logging.XmlKeywordLogger</class>
  <method>startKeyword</method>
  <thread>1</thread>
  <message>Start action : click(findTestObject(\&amp;quot;Perolehan/TukarPeranan/input_TukarPeranan\&amp;quot;, [\&amp;quot;value\&amp;quot;:RBPenyediaPTJ]))</message>
  <nestedLevel>1</nestedLevel>
  <property name="startLine">40</property>
  <property name="stepIndex">8</property>
  <property name="description">Click Radio Button Penyedia PTJ</property>
</record>
<record>
  <date>2019-04-04T13:22:26</date>
  <millis>1554355346726</millis>
  <sequence>103</sequence>
  <level>PASSED</level>
  <class>com.kms.katalon.core.logging.XmlKeywordLogger</class>
  <method>logMessage</method>
  <thread>1</thread>
  <message>Object: &amp;apos;Object Repository/Perolehan/TukarPeranan/input_TukarPeranan&amp;apos; is clicked on</message>
  <nestedLevel>2</nestedLevel>
</record>
<record>
  <date>2019-04-04T13:22:26</date>
  <millis>1554355346727</millis>
  <sequence>104</sequence>
  <level>END</level>
  <class>com.kms.katalon.core.logging.XmlKeywordLogger</class>
  <method>endKeyword</method>
  <thread>1</thread>
  <message>End action : click(findTestObject(\&amp;quot;Perolehan/TukarPeranan/input_TukarPeranan\&amp;quot;, [\&amp;quot;value\&amp;quot;:RBPenyediaPTJ]))</message>
  <nestedLevel>1</nestedLevel>
</record>
<record>
  <date>2019-04-04T13:22:26</date>
  <millis>1554355346728</millis>
  <sequence>105</sequence>
  <level>START</level>
  <class>com.kms.katalon.core.logging.XmlKeywordLogger</class>
  <method>startKeyword</method>
  <thread>1</thread>
  <message>Start action : click(findTestObject(\&amp;quot;Perolehan/TukarPeranan/button_Ya\&amp;quot;))</message>
  <nestedLevel>1</nestedLevel>
  <property name="startLine">43</property>
  <property name="stepIndex">9</property>
  <property name="description">Click Ya to confirm change of role</property>
</record>
<record>
  <date>2019-04-04T13:22:26</date>
  <millis>1554355346786</millis>
  <sequence>112</sequence>
  <level>PASSED</level>
  <class>com.kms.katalon.core.logging.XmlKeywordLogger</class>
  <method>logMessage</method>
  <thread>1</thread>
  <message>Object: &amp;apos;Object Repository/Perolehan/TukarPeranan/button_Ya&amp;apos; is clicked on</message>
  <nestedLevel>2</nestedLevel>
</record>
<record>
  <date>2019-04-04T13:22:26</date>
  <millis>1554355346787</millis>
  <sequence>113</sequence>
  <level>END</level>
  <class>com.kms.katalon.core.logging.XmlKeywordLogger</class>
  <method>endKeyword</method>
  <thread>1</thread>
  <message>End action : click(findTestObject(\&amp;quot;Perolehan/TukarPeranan/button_Ya\&amp;quot;))</message>
  <nestedLevel>1</nestedLevel>
</record>
<record>
  <date>2019-04-04T13:22:26</date>
  <millis>1554355346787</millis>
  <sequence>114</sequence>
  <level>START</level>
  <class>com.kms.katalon.core.logging.XmlKeywordLogger</class>
  <method>startKeyword</method>
  <thread>1</thread>
  <message>Start action : delay(20)</message>
  <nestedLevel>1</nestedLevel>
  <property name="startLine">45</property>
  <property name="stepIndex">10</property>
</record>
