<?xml version="1.0" encoding="UTF-8" standalone="no"?>
<!DOCTYPE log SYSTEM "logger.dtd">
<log>
<record>
  <date>2019-02-15T15:25:49</date>
  <millis>1550215549865</millis>
  <sequence>0</sequence>
  <level>START</level>
  <class>com.kms.katalon.core.logging.XmlKeywordLogger</class>
  <method>startSuite</method>
  <thread>1</thread>
  <message>Start Test Suite : Test Suites/Perolehan/Perolehan</message>
  <nestedLevel>0</nestedLevel>
  <property name="name">Perolehan</property>
  <property name="description">Perolehan scenario</property>
  <property name="id">Test Suites/Perolehan/Perolehan</property>
</record>
<record>
  <date>2019-02-15T15:25:49</date>
  <millis>1550215549894</millis>
  <sequence>1</sequence>
  <level>RUN_DATA</level>
  <class>com.kms.katalon.core.logging.XmlKeywordLogger</class>
  <method>logMessage</method>
  <thread>1</thread>
  <message>hostName = Consultant_MSPHitect - DESKTOP-V9TS2EM</message>
  <nestedLevel>0</nestedLevel>
  <property name="hostName">Consultant_MSPHitect - DESKTOP-V9TS2EM</property>
</record>
<record>
  <date>2019-02-15T15:25:49</date>
  <millis>1550215549895</millis>
  <sequence>2</sequence>
  <level>RUN_DATA</level>
  <class>com.kms.katalon.core.logging.XmlKeywordLogger</class>
  <method>logMessage</method>
  <thread>1</thread>
  <message>os = Windows 10 64bit</message>
  <nestedLevel>0</nestedLevel>
  <property name="os">Windows 10 64bit</property>
</record>
<record>
  <date>2019-02-15T15:25:49</date>
  <millis>1550215549895</millis>
  <sequence>3</sequence>
  <level>RUN_DATA</level>
  <class>com.kms.katalon.core.logging.XmlKeywordLogger</class>
  <method>logMessage</method>
  <thread>1</thread>
  <message>hostAddress = 192.168.180.121</message>
  <nestedLevel>0</nestedLevel>
  <property name="hostAddress">192.168.180.121</property>
</record>
<record>
  <date>2019-02-15T15:25:49</date>
  <millis>1550215549896</millis>
  <sequence>4</sequence>
  <level>RUN_DATA</level>
  <class>com.kms.katalon.core.logging.XmlKeywordLogger</class>
  <method>logMessage</method>
  <thread>1</thread>
  <message>katalonVersion = 5.10.1.1</message>
  <nestedLevel>0</nestedLevel>
  <property name="katalonVersion">5.10.1.1</property>
</record>
<record>
  <date>2019-02-15T15:25:50</date>
  <millis>1550215550212</millis>
  <sequence>5</sequence>
  <level>START</level>
  <class>com.kms.katalon.core.logging.XmlKeywordLogger</class>
  <method>startTest</method>
  <thread>1</thread>
  <message>Start Test Case : Test Cases/Perolehan/001 Left Menu Selection/Select Menu Pesanan Tempatan</message>
  <nestedLevel>1</nestedLevel>
  <property name="name">Test Cases/Perolehan/001 Left Menu Selection/Select Menu Pesanan Tempatan</property>
  <property name="description">Select Perolehan and then select Pesanan Tempatan</property>
  <property name="id">Test Cases/Perolehan/001 Left Menu Selection/Select Menu Pesanan Tempatan</property>
  <property name="source">C:\\Users\\Consultant_MSPHitect\\Katalon Studio\\TrainingonKatalon\\Test Cases\\Perolehan\\001 Left Menu Selection\\Select Menu Pesanan Tempatan.tc</property>
  <property name="isOptional">false</property>
</record>
<record>
  <date>2019-02-15T15:25:50</date>
  <millis>1550215550843</millis>
  <sequence>7</sequence>
  <level>START</level>
  <class>com.kms.katalon.core.logging.XmlKeywordLogger</class>
  <method>startKeyword</method>
  <thread>1</thread>
  <message>Start action : openBrowser(\&amp;quot;https://175.143.52.101:7011/1SPEKSv2/\&amp;quot;)</message>
  <nestedLevel>1</nestedLevel>
  <property name="startLine">17</property>
  <property name="stepIndex">1</property>
  <property name="description">Open browser and input homepage URL </property>
</record>
<record>
  <date>2019-02-15T15:25:51</date>
  <millis>1550215551370</millis>
  <sequence>9</sequence>
  <level>INFO</level>
  <class>com.kms.katalon.core.logging.XmlKeywordLogger</class>
  <method>logMessage</method>
  <thread>1</thread>
  <message>Starting &amp;apos;Chrome&amp;apos; driver</message>
  <nestedLevel>1</nestedLevel>
</record>
<record>
  <date>2019-02-15T15:25:51</date>
  <millis>1550215551431</millis>
  <sequence>10</sequence>
  <level>INFO</level>
  <class>com.kms.katalon.core.logging.XmlKeywordLogger</class>
  <method>logMessage</method>
  <thread>1</thread>
  <message>Action delay is set to 0 seconds</message>
  <nestedLevel>1</nestedLevel>
</record>
<record>
  <date>2019-02-15T15:25:54</date>
  <millis>1550215554660</millis>
  <sequence>12</sequence>
  <level>RUN_DATA</level>
  <class>com.kms.katalon.core.logging.XmlKeywordLogger</class>
  <method>logMessage</method>
  <thread>1</thread>
  <message>sessionId = 25e119d65da68a9de567179c008254e6</message>
  <nestedLevel>1</nestedLevel>
  <property name="sessionId">25e119d65da68a9de567179c008254e6</property>
</record>
<record>
  <date>2019-02-15T15:25:54</date>
  <millis>1550215554705</millis>
  <sequence>13</sequence>
  <level>RUN_DATA</level>
  <class>com.kms.katalon.core.logging.XmlKeywordLogger</class>
  <method>logMessage</method>
  <thread>1</thread>
  <message>browser = Chrome 71.0.3578.98</message>
  <nestedLevel>1</nestedLevel>
  <property name="browser">Chrome 71.0.3578.98</property>
</record>
<record>
  <date>2019-02-15T15:25:54</date>
  <millis>1550215554706</millis>
  <sequence>14</sequence>
  <level>RUN_DATA</level>
  <class>com.kms.katalon.core.logging.XmlKeywordLogger</class>
  <method>logMessage</method>
  <thread>1</thread>
  <message>platform = Windows 10</message>
  <nestedLevel>1</nestedLevel>
  <property name="platform">Windows 10</property>
</record>
<record>
  <date>2019-02-15T15:25:54</date>
  <millis>1550215554710</millis>
  <sequence>15</sequence>
  <level>RUN_DATA</level>
  <class>com.kms.katalon.core.logging.XmlKeywordLogger</class>
  <method>logMessage</method>
  <thread>1</thread>
  <message>seleniumVersion = 3.7.1</message>
  <nestedLevel>1</nestedLevel>
  <property name="seleniumVersion">3.7.1</property>
</record>
<record>
  <date>2019-02-15T15:25:54</date>
  <millis>1550215554712</millis>
  <sequence>16</sequence>
  <level>RUN_DATA</level>
  <class>com.kms.katalon.core.logging.XmlKeywordLogger</class>
  <method>logMessage</method>
  <thread>1</thread>
  <message>proxyInformation = ProxyInformation{proxyOption=NO_PROXY, proxyServerType=HTTP, password=, proxyServerAddress=, proxyServerPort=0}</message>
  <nestedLevel>1</nestedLevel>
  <property name="proxyInformation">ProxyInformation{proxyOption=NO_PROXY, proxyServerType=HTTP, password=, proxyServerAddress=, proxyServerPort=0}</property>
</record>
<record>
  <date>2019-02-15T15:25:56</date>
  <millis>1550215556331</millis>
  <sequence>18</sequence>
  <level>PASSED</level>
  <class>com.kms.katalon.core.logging.XmlKeywordLogger</class>
  <method>logMessage</method>
  <thread>1</thread>
  <message>Browser is opened with url: &amp;apos;https://175.143.52.101:7011/1SPEKSv2/&amp;apos;</message>
  <nestedLevel>1</nestedLevel>
</record>
<record>
  <date>2019-02-15T15:25:56</date>
  <millis>1550215556332</millis>
  <sequence>19</sequence>
  <level>END</level>
  <class>com.kms.katalon.core.logging.XmlKeywordLogger</class>
  <method>endKeyword</method>
  <thread>1</thread>
  <message>End action : openBrowser(\&amp;quot;https://175.143.52.101:7011/1SPEKSv2/\&amp;quot;)</message>
  <nestedLevel>1</nestedLevel>
</record>
<record>
  <date>2019-02-15T15:25:56</date>
  <millis>1550215556333</millis>
  <sequence>20</sequence>
  <level>START</level>
  <class>com.kms.katalon.core.logging.XmlKeywordLogger</class>
  <method>startKeyword</method>
  <thread>1</thread>
  <message>Start action : setText(findTestObject(\&amp;quot;Login/input_NoKadPengenalan\&amp;quot;), findTestData(\&amp;quot;ispekstestdata\&amp;quot;).getValue(1, 2))</message>
  <nestedLevel>1</nestedLevel>
  <property name="startLine">21</property>
  <property name="stepIndex">2</property>
  <property name="description">Input User Name</property>
</record>
